[35m[Appium][39m Available drivers:
[35m[Appium][39m   - uiautomator2@2.12.4 (automationName 'UiAutomator2')
[35m[Appium][39m No plugins have been installed. Use the "appium plugin" command to install the one(s) you want to use.
[38;5;0m[HTTP][0m [37m-->[39m [37mPOST[39m [37m/session[39m
[38;5;0m[HTTP][0m [90m{"capabilities":{"alwaysMatch":{"platformName":"Android","appium:automationName":"UiAutomator2","appium:deviceName":"5PFQ95GI9T9LG6Z5","appium:platformVersion":"12.0","appium:app":"C:\\Users\\acer\\Downloads\\Wdio using Appium\\test\\apk\\Diet_meal.apk","appium:appPackage":"com.fghilmany.dietmealapp","appium:appActivity":"com.fghilmany.dietmealapp.ui.main.MainActivity","appium:noReset":true,"appium:forceAppLaunch":true},"firstMatch":[{}]},"desiredCapabilities":{"platformName":"Android","appium:automationName":"UiAutomator2","appium:deviceName":"5PFQ95GI9T9LG6Z5","appium:platformVersion":"12.0","appium:app":"C:\\Users\\acer\\Downloads\\Wdio using Appium\\test\\apk\\Diet_meal.apk","appium:appPackage":"com.fghilmany.dietmealapp","appium:appActivity":"com.fghilmany.dietmealapp.ui.main.MainActivity","appium:noReset":true,"appium:forceAppLaunch":true}}[39m
[debug] [38;5;16m[AppiumDriver@c41a][0m Calling AppiumDriver.createSession() with args: [{"platformName":"Android","appium:automationName":"UiAutomator2","appium:deviceName":"5PFQ95GI9T9LG6Z5","appium:platformVersion":"12.0","appium:app":"C:\\Users\\acer\\Downloads\\Wdio using Appium\\test\\apk\\Diet_meal.apk","appium:appPackage":"com.fghilmany.dietmealapp","appium:appActivity":"com.fghilmany.dietmealapp.ui.main.MainActivity","appium:noReset":true,"appium:forceAppLaunch":true},null,{"alwaysMatch":{"platformName":"Android","appium:automationName":"UiAutomator2","appium:deviceName":"5PFQ95GI9T9LG6Z5","appium:platformVersion":"12.0","appium:app":"C:\\Users\\acer\\Downloads\\Wdio using Appium\\test\\apk\\Diet_meal.apk","appium:appPackage":"com.fghilmany.dietmealapp","appium:appActivity":"com.fghilmany.dietmealapp.ui.main.MainActivity","appium:noReset":true,"appium:forceAppLaunch":true},"firstMatch":[{}]}]
[debug] [38;5;16m[AppiumDriver@c41a][0m Event 'newSessionRequested' logged at 1677200501596 (08:01:41 GMT+0700 (Western Indonesia Time))
[35m[Appium][39m Attempting to find matching driver for automationName 'UiAutomator2' and platformName 'Android'
[35m[Appium][39m The 'uiautomator2' driver was installed and matched caps.
[35m[Appium][39m Will require it at C:/Users/acer/Downloads/WebdriverIO using Appium/node_modules/appium-uiautomator2-driver
[debug] [35m[Appium][39m Requiring driver at C:/Users/acer/Downloads/WebdriverIO using Appium/node_modules/appium-uiautomator2-driver
[38;5;16m[AppiumDriver@c41a][0m Appium v2.0.0-beta.55 creating new AndroidUiautomator2Driver (v2.12.4) session
[38;5;16m[AppiumDriver@c41a][0m Checking BaseDriver versions for Appium and AndroidUiautomator2Driver
[38;5;16m[AppiumDriver@c41a][0m Appium's BaseDriver version is 9.3.1
[38;5;16m[AppiumDriver@c41a][0m AndroidUiautomator2Driver's BaseDriver version is 9.3.1
[debug] [38;5;32m[AndroidUiautomator2Driver@a98d][0m Creating session with W3C capabilities: {
[debug] [38;5;32m[AndroidUiautomator2Driver@a98d][0m   "alwaysMatch": {
[debug] [38;5;32m[AndroidUiautomator2Driver@a98d][0m     "platformName": "Android",
[debug] [38;5;32m[AndroidUiautomator2Driver@a98d][0m     "appium:automationName": "UiAutomator2",
[debug] [38;5;32m[AndroidUiautomator2Driver@a98d][0m     "appium:deviceName": "5PFQ95GI9T9LG6Z5",
[debug] [38;5;32m[AndroidUiautomator2Driver@a98d][0m     "appium:platformVersion": "12.0",
[debug] [38;5;32m[AndroidUiautomator2Driver@a98d][0m     "appium:app": "C:\\Users\\acer\\Downloads\\Wdio using Appium\\test\\apk\\Diet_meal.apk",
[debug] [38;5;32m[AndroidUiautomator2Driver@a98d][0m     "appium:appPackage": "com.fghilmany.dietmealapp",
[debug] [38;5;32m[AndroidUiautomator2Driver@a98d][0m     "appium:appActivity": "com.fghilmany.dietmealapp.ui.main.MainActivity",
[debug] [38;5;32m[AndroidUiautomator2Driver@a98d][0m     "appium:noReset": true,
[debug] [38;5;32m[AndroidUiautomator2Driver@a98d][0m     "appium:forceAppLaunch": true
[debug] [38;5;32m[AndroidUiautomator2Driver@a98d][0m   },
[debug] [38;5;32m[AndroidUiautomator2Driver@a98d][0m   "firstMatch": [
[debug] [38;5;32m[AndroidUiautomator2Driver@a98d][0m     {}
[debug] [38;5;32m[AndroidUiautomator2Driver@a98d][0m   ]
[debug] [38;5;32m[AndroidUiautomator2Driver@a98d][0m }
[38;5;32m[AndroidUiautomator2Driver@a98d (56ecd9e1)][0m Session created with session id: 56ecd9e1-4dda-4b74-9301-4051a2dee5b5
[38;5;48m[BaseDriver][0m Using local app 'C:\Users\acer\Downloads\Wdio using Appium\test\apk\Diet_meal.apk'
[debug] [38;5;32m[AndroidUiautomator2Driver@a98d (56ecd9e1)][0m Checking whether app is actually present
[38;5;64m[ADB][0m Found 9 'build-tools' folders under 'C:\Users\acer\AppData\Local\Android\Sdk' (newest first):
[38;5;64m[ADB][0m     C:/Users/acer/AppData/Local/Android/Sdk/build-tools/31.0.0
[38;5;64m[ADB][0m     C:/Users/acer/AppData/Local/Android/Sdk/build-tools/30.0.3
[38;5;64m[ADB][0m     C:/Users/acer/AppData/Local/Android/Sdk/build-tools/30.0.2
[38;5;64m[ADB][0m     C:/Users/acer/AppData/Local/Android/Sdk/build-tools/29.0.2
[38;5;64m[ADB][0m     C:/Users/acer/AppData/Local/Android/Sdk/build-tools/29.0.0
[38;5;64m[ADB][0m     C:/Users/acer/AppData/Local/Android/Sdk/build-tools/28.0.3
[38;5;64m[ADB][0m     C:/Users/acer/AppData/Local/Android/Sdk/build-tools/28.0.2
[38;5;64m[ADB][0m     C:/Users/acer/AppData/Local/Android/Sdk/build-tools/28.0.0
[38;5;64m[ADB][0m     C:/Users/acer/AppData/Local/Android/Sdk/build-tools/27.0.0
[38;5;64m[ADB][0m Using 'adb.exe' from 'C:\Users\acer\AppData\Local\Android\Sdk\platform-tools\adb.exe'
[debug] [38;5;64m[ADB][0m Running 'C:\Users\acer\AppData\Local\Android\Sdk\platform-tools\adb.exe -P 5037 start-server'
[38;5;80m[AndroidDriver][0m Retrieving device list
[debug] [38;5;64m[ADB][0m Trying to find a connected android device
[debug] [38;5;64m[ADB][0m Getting connected devices
[debug] [38;5;64m[ADB][0m Connected devices: [{"udid":"5PFQ95GI9T9LG6Z5","state":"device"}]
[38;5;80m[AndroidDriver][0m Looking for a device with Android '12.0.0'
[debug] [38;5;64m[ADB][0m Setting device id to 5PFQ95GI9T9LG6Z5
[38;5;64m[ADB][0m Getting device platform version
[debug] [38;5;64m[ADB][0m Running 'C:\Users\acer\AppData\Local\Android\Sdk\platform-tools\adb.exe -P 5037 -s 5PFQ95GI9T9LG6Z5 shell getprop ro.build.version.release'
[debug] [38;5;64m[ADB][0m Current device property 'ro.build.version.release': 12
[38;5;80m[AndroidDriver][0m Using device: 5PFQ95GI9T9LG6Z5
[38;5;64m[ADB][0m Using 'adb.exe' from 'C:\Users\acer\AppData\Local\Android\Sdk\platform-tools\adb.exe'
[debug] [38;5;64m[ADB][0m Running 'C:\Users\acer\AppData\Local\Android\Sdk\platform-tools\adb.exe -P 5037 start-server'
[debug] [38;5;64m[ADB][0m Setting device id to 5PFQ95GI9T9LG6Z5
[debug] [38;5;64m[ADB][0m Running 'C:\Users\acer\AppData\Local\Android\Sdk\platform-tools\adb.exe -P 5037 -s 5PFQ95GI9T9LG6Z5 shell getprop ro.build.version.sdk'
[debug] [38;5;64m[ADB][0m Current device property 'ro.build.version.sdk': 31
[38;5;64m[ADB][0m Getting device platform version
[debug] [38;5;64m[ADB][0m Running 'C:\Users\acer\AppData\Local\Android\Sdk\platform-tools\adb.exe -P 5037 -s 5PFQ95GI9T9LG6Z5 shell getprop ro.build.version.release'
[debug] [38;5;64m[ADB][0m Current device property 'ro.build.version.release': 12
[debug] [38;5;64m[ADB][0m Device API level: 31
[38;5;32m[AndroidUiautomator2Driver@a98d (56ecd9e1)][0m Relaxing hidden api policy
[debug] [38;5;64m[ADB][0m Running 'C:\Users\acer\AppData\Local\Android\Sdk\platform-tools\adb.exe -P 5037 -s 5PFQ95GI9T9LG6Z5 shell 'settings put global hidden_api_policy_pre_p_apps 1;settings put global hidden_api_policy_p_apps 1;settings put global hidden_api_policy 1''
[debug] [38;5;64m[ADB][0m Running 'C:\Users\acer\AppData\Local\Android\Sdk\platform-tools\adb.exe -P 5037 -s 5PFQ95GI9T9LG6Z5 wait-for-device'
[debug] [38;5;64m[ADB][0m Running 'C:\Users\acer\AppData\Local\Android\Sdk\platform-tools\adb.exe -P 5037 -s 5PFQ95GI9T9LG6Z5 shell echo ping'
[debug] [38;5;80m[AndroidDriver][0m Pushing settings apk to device...
[debug] [38;5;64m[ADB][0m Getting install status for io.appium.settings
[debug] [38;5;64m[ADB][0m Running 'C:\Users\acer\AppData\Local\Android\Sdk\platform-tools\adb.exe -P 5037 -s 5PFQ95GI9T9LG6Z5 shell dumpsys package io.appium.settings'
[debug] [38;5;64m[ADB][0m 'io.appium.settings' is installed
[debug] [38;5;64m[ADB][0m Getting package info for 'io.appium.settings'
[debug] [38;5;64m[ADB][0m Running 'C:\Users\acer\AppData\Local\Android\Sdk\platform-tools\adb.exe -P 5037 -s 5PFQ95GI9T9LG6Z5 shell dumpsys package io.appium.settings'
[debug] [38;5;64m[ADB][0m The version name of the installed 'io.appium.settings' is greater or equal to the application version name ('5.0.3' >= '5.0.3')
[debug] [38;5;64m[ADB][0m There is no need to install/upgrade 'C:\Users\acer\Downloads\WebdriverIO using Appium\node_modules\appium-uiautomator2-driver\node_modules\io.appium.settings\apks\settings_apk-debug.apk'
[debug] [38;5;64m[ADB][0m Getting IDs of all 'io.appium.settings' processes
[debug] [38;5;64m[ADB][0m Running 'C:\Users\acer\AppData\Local\Android\Sdk\platform-tools\adb.exe -P 5037 -s 5PFQ95GI9T9LG6Z5 shell 'pgrep --help; echo $?''
[debug] [38;5;64m[ADB][0m Running 'C:\Users\acer\AppData\Local\Android\Sdk\platform-tools\adb.exe -P 5037 -s 5PFQ95GI9T9LG6Z5 shell pgrep -f \(\[\[:blank:\]\]\|\^\)io\.appium\.settings\(\[\[:blank:\]\]\|\$\)'
[debug] [38;5;80m[AndroidDriver][0m io.appium.settings is already running. There is no need to reset its permissions.
[debug] [38;5;64m[ADB][0m Running 'C:\Users\acer\AppData\Local\Android\Sdk\platform-tools\adb.exe -P 5037 -s 5PFQ95GI9T9LG6Z5 shell appops set io.appium.settings android:mock_location allow'
[debug] [38;5;64m[ADB][0m Running 'C:\Users\acer\AppData\Local\Android\Sdk\platform-tools\adb.exe -P 5037 -s 5PFQ95GI9T9LG6Z5 shell "[ -e '/data/local/tmp/mock_apps.json' ] && echo __PASS__"'
[debug] [38;5;64m[ADB][0m Running 'C:\Users\acer\AppData\Local\Android\Sdk\platform-tools\adb.exe -P 5037 -s 5PFQ95GI9T9LG6Z5 shell cat /data/local/tmp/mock_apps.json'
[debug] [38;5;96m[Logcat][0m Starting logs capture with command: C:\\Users\\acer\\AppData\\Local\\Android\\Sdk\\platform-tools\\adb.exe -P 5037 -s 5PFQ95GI9T9LG6Z5 logcat -v threadtime
[debug] [38;5;32m[AndroidUiautomator2Driver@a98d (56ecd9e1)][0m Forwarding UiAutomator2 Server port 6790 to local port 8200
[debug] [38;5;64m[ADB][0m Forwarding system: 8200 to device: 6790
[debug] [38;5;64m[ADB][0m Running 'C:\Users\acer\AppData\Local\Android\Sdk\platform-tools\adb.exe -P 5037 -s 5PFQ95GI9T9LG6Z5 forward tcp:8200 tcp:6790'
[debug] [38;5;64m[ADB][0m Getting install status for io.appium.uiautomator2.server
[debug] [38;5;64m[ADB][0m Running 'C:\Users\acer\AppData\Local\Android\Sdk\platform-tools\adb.exe -P 5037 -s 5PFQ95GI9T9LG6Z5 shell dumpsys package io.appium.uiautomator2.server'
[debug] [38;5;64m[ADB][0m 'io.appium.uiautomator2.server' is installed
[debug] [38;5;64m[ADB][0m Getting package info for 'io.appium.uiautomator2.server'
[debug] [38;5;64m[ADB][0m Running 'C:\Users\acer\AppData\Local\Android\Sdk\platform-tools\adb.exe -P 5037 -s 5PFQ95GI9T9LG6Z5 shell dumpsys package io.appium.uiautomator2.server'
[debug] [38;5;64m[ADB][0m The version name of the installed 'io.appium.uiautomator2.server' is greater or equal to the application version name ('5.7.8' >= '5.7.8')
[debug] [38;5;32m[AndroidUiautomator2Driver@a98d (56ecd9e1)][0m io.appium.uiautomator2.server installation state: sameVersionInstalled
[debug] [38;5;64m[ADB][0m Checking app cert for C:\Users\acer\Downloads\WebdriverIO using Appium\node_modules\appium-uiautomator2-driver\node_modules\appium-uiautomator2-server\apks\appium-uiautomator2-server-v5.7.8.apk
[38;5;64m[ADB][0m Using 'apksigner.jar' from 'C:\Users\acer\AppData\Local\Android\Sdk\build-tools\31.0.0\lib\apksigner.jar'
[debug] [38;5;64m[ADB][0m Starting apksigner: 'C:\\Program Files\\Java\\jdk-19\\bin\\java.exe' -Xmx1024M -Xss1m -jar C:\\Users\\acer\\AppData\\Local\\Android\\Sdk\\build-tools\\31.0.0\\lib\\apksigner.jar verify --print-certs 'C:\\Users\\acer\\Downloads\\WebdriverIO using Appium\\node_modules\\appium-uiautomator2-driver\\node_modules\\appium-uiautomator2-server\\apks\\appium-uiautomator2-server-v5.7.8.apk'
[debug] [38;5;64m[ADB][0m apksigner stdout: Signer #1 certificate DN: EMAILADDRESS=android@android.com, CN=Android, OU=Android, O=Android, L=Mountain View, ST=California, C=US
[debug] [38;5;64m[ADB][0m Signer #1 certificate SHA-256 digest: a40da80a59d170caa950cf15c18c454d47a39b26989d8b640ecd745ba71bf5dc
[debug] [38;5;64m[ADB][0m Signer #1 certificate SHA-1 digest: 61ed377e85d386a8dfee6b864bd85b0bfaa5af81
[debug] [38;5;64m[ADB][0m Signer #1 certificate MD5 digest: e89b158e4bcf988ebd09eb83f5378e87
[debug] [38;5;64m[ADB][0m 
[debug] [38;5;64m[ADB][0m sha256 hash did match for 'appium-uiautomator2-server-v5.7.8.apk'
[38;5;64m[ADB][0m 'C:\Users\acer\Downloads\WebdriverIO using Appium\node_modules\appium-uiautomator2-driver\node_modules\appium-uiautomator2-server\apks\appium-uiautomator2-server-v5.7.8.apk' is signed with the default certificate
[debug] [38;5;64m[ADB][0m Getting install status for io.appium.uiautomator2.server.test
[debug] [38;5;64m[ADB][0m Running 'C:\Users\acer\AppData\Local\Android\Sdk\platform-tools\adb.exe -P 5037 -s 5PFQ95GI9T9LG6Z5 shell dumpsys package io.appium.uiautomator2.server.test'
[debug] [38;5;64m[ADB][0m 'io.appium.uiautomator2.server.test' is installed
[debug] [38;5;64m[ADB][0m Checking app cert for C:\Users\acer\Downloads\WebdriverIO using Appium\node_modules\appium-uiautomator2-driver\node_modules\appium-uiautomator2-server\apks\appium-uiautomator2-server-debug-androidTest.apk
[debug] [38;5;64m[ADB][0m Starting apksigner: 'C:\\Program Files\\Java\\jdk-19\\bin\\java.exe' -Xmx1024M -Xss1m -jar C:\\Users\\acer\\AppData\\Local\\Android\\Sdk\\build-tools\\31.0.0\\lib\\apksigner.jar verify --print-certs 'C:\\Users\\acer\\Downloads\\WebdriverIO using Appium\\node_modules\\appium-uiautomator2-driver\\node_modules\\appium-uiautomator2-server\\apks\\appium-uiautomator2-server-debug-androidTest.apk'
[debug] [38;5;64m[ADB][0m apksigner stdout: Signer #1 certificate DN: EMAILADDRESS=android@android.com, CN=Android, OU=Android, O=Android, L=Mountain View, ST=California, C=US
[debug] [38;5;64m[ADB][0m Signer #1 certificate SHA-256 digest: a40da80a59d170caa950cf15c18c454d47a39b26989d8b640ecd745ba71bf5dc
[debug] [38;5;64m[ADB][0m Signer #1 certificate SHA-1 digest: 61ed377e85d386a8dfee6b864bd85b0bfaa5af81
[debug] [38;5;64m[ADB][0m Signer #1 certificate MD5 digest: e89b158e4bcf988ebd09eb83f5378e87
[debug] [38;5;64m[ADB][0m 
[debug] [38;5;64m[ADB][0m sha256 hash did match for 'appium-uiautomator2-server-debug-androidTest.apk'
[38;5;64m[ADB][0m 'C:\Users\acer\Downloads\WebdriverIO using Appium\node_modules\appium-uiautomator2-driver\node_modules\appium-uiautomator2-server\apks\appium-uiautomator2-server-debug-androidTest.apk' is signed with the default certificate
[38;5;32m[AndroidUiautomator2Driver@a98d (56ecd9e1)][0m Server packages are not going to be (re)installed
[debug] [38;5;32m[AndroidUiautomator2Driver@a98d (56ecd9e1)][0m Waiting up to 30000ms for services to be available
[debug] [38;5;64m[ADB][0m Running 'C:\Users\acer\AppData\Local\Android\Sdk\platform-tools\adb.exe -P 5037 -s 5PFQ95GI9T9LG6Z5 shell pm list instrumentation'
[debug] [38;5;32m[AndroidUiautomator2Driver@a98d (56ecd9e1)][0m Instrumentation target 'io.appium.uiautomator2.server.test/androidx.test.runner.AndroidJUnitRunner' is available
[38;5;64m[ADB][0m Adding packages ["io.appium.settings","io.appium.uiautomator2.server","io.appium.uiautomator2.server.test"] to Doze whitelist
[debug] [38;5;64m[ADB][0m Got the following command chunks to execute: [["dumpsys","deviceidle","whitelist","+io.appium.settings",";","dumpsys","deviceidle","whitelist","+io.appium.uiautomator2.server",";","dumpsys","deviceidle","whitelist","+io.appium.uiautomator2.server.test",";"]]
[debug] [38;5;64m[ADB][0m Running 'C:\Users\acer\AppData\Local\Android\Sdk\platform-tools\adb.exe -P 5037 -s 5PFQ95GI9T9LG6Z5 shell dumpsys deviceidle whitelist +io.appium.settings ; dumpsys deviceidle whitelist +io.appium.uiautomator2.server ; dumpsys deviceidle whitelist +io.appium.uiautomator2.server.test ;'
[debug] [38;5;64m[ADB][0m Getting install status for com.fghilmany.dietmealapp
[debug] [38;5;64m[ADB][0m Running 'C:\Users\acer\AppData\Local\Android\Sdk\platform-tools\adb.exe -P 5037 -s 5PFQ95GI9T9LG6Z5 shell dumpsys package com.fghilmany.dietmealapp'
[debug] [38;5;64m[ADB][0m 'com.fghilmany.dietmealapp' is installed
[debug] [38;5;32m[AndroidUiautomator2Driver@a98d (56ecd9e1)][0m noReset has been requested and the app is already installed. Doing nothing
[debug] [38;5;32m[AndroidUiautomator2Driver@a98d (56ecd9e1)][0m Performing shallow cleanup of automation leftovers
[debug] [38;5;32m[AndroidUiautomator2Driver@a98d (56ecd9e1)][0m No obsolete sessions have been detected (socket hang up)
[debug] [38;5;64m[ADB][0m Running 'C:\Users\acer\AppData\Local\Android\Sdk\platform-tools\adb.exe -P 5037 -s 5PFQ95GI9T9LG6Z5 shell am force-stop io.appium.uiautomator2.server.test'
[38;5;32m[AndroidUiautomator2Driver@a98d (56ecd9e1)][0m Starting UIAutomator2 server 5.7.8
[38;5;32m[AndroidUiautomator2Driver@a98d (56ecd9e1)][0m Using UIAutomator2 server from 'C:\Users\acer\Downloads\WebdriverIO using Appium\node_modules\appium-uiautomator2-driver\node_modules\appium-uiautomator2-server\apks\appium-uiautomator2-server-v5.7.8.apk' and test from 'C:\Users\acer\Downloads\WebdriverIO using Appium\node_modules\appium-uiautomator2-driver\node_modules\appium-uiautomator2-server\apks\appium-uiautomator2-server-debug-androidTest.apk'
[38;5;32m[AndroidUiautomator2Driver@a98d (56ecd9e1)][0m Waiting up to 30000ms for UiAutomator2 to be online...
[debug] [38;5;64m[ADB][0m Creating ADB subprocess with args: ["-P",5037,"-s","5PFQ95GI9T9LG6Z5","shell","am","instrument","-w","-e","disableAnalytics",true,"io.appium.uiautomator2.server.test/androidx.test.runner.AndroidJUnitRunner"]
[debug] [38;5;32m[AndroidUiautomator2Driver@a98d (56ecd9e1)][0m Matched '/status' to command name 'getStatus'
[debug] [38;5;32m[AndroidUiautomator2Driver@a98d (56ecd9e1)][0m Proxying [GET /status] to [GET http://127.0.0.1:8200/status] with no body
[38;5;32m[AndroidUiautomator2Driver@a98d (56ecd9e1)][0m socket hang up
[debug] [38;5;32m[AndroidUiautomator2Driver@a98d (56ecd9e1)][0m Matched '/status' to command name 'getStatus'
[debug] [38;5;32m[AndroidUiautomator2Driver@a98d (56ecd9e1)][0m Proxying [GET /status] to [GET http://127.0.0.1:8200/status] with no body
[38;5;32m[AndroidUiautomator2Driver@a98d (56ecd9e1)][0m socket hang up
[debug] [38;5;32m[AndroidUiautomator2Driver@a98d (56ecd9e1)][0m Matched '/status' to command name 'getStatus'
[debug] [38;5;32m[AndroidUiautomator2Driver@a98d (56ecd9e1)][0m Proxying [GET /status] to [GET http://127.0.0.1:8200/status] with no body
[38;5;32m[AndroidUiautomator2Driver@a98d (56ecd9e1)][0m socket hang up
[debug] [38;5;32m[AndroidUiautomator2Driver@a98d (56ecd9e1)][0m Matched '/status' to command name 'getStatus'
[debug] [38;5;32m[AndroidUiautomator2Driver@a98d (56ecd9e1)][0m Proxying [GET /status] to [GET http://127.0.0.1:8200/status] with no body
[38;5;32m[AndroidUiautomator2Driver@a98d (56ecd9e1)][0m socket hang up
[debug] [38;5;112m[Instrumentation][0m io.appium.uiautomator2.server.test.AppiumUiAutomator2Server:
[debug] [38;5;32m[AndroidUiautomator2Driver@a98d (56ecd9e1)][0m Matched '/status' to command name 'getStatus'
[debug] [38;5;32m[AndroidUiautomator2Driver@a98d (56ecd9e1)][0m Proxying [GET /status] to [GET http://127.0.0.1:8200/status] with no body
[38;5;32m[AndroidUiautomator2Driver@a98d (56ecd9e1)][0m socket hang up
[debug] [38;5;32m[AndroidUiautomator2Driver@a98d (56ecd9e1)][0m Matched '/status' to command name 'getStatus'
[debug] [38;5;32m[AndroidUiautomator2Driver@a98d (56ecd9e1)][0m Proxying [GET /status] to [GET http://127.0.0.1:8200/status] with no body
[debug] [38;5;32m[AndroidUiautomator2Driver@a98d (56ecd9e1)][0m Got response with status 200: {"sessionId":"None","value":{"message":"UiAutomator2 Server is ready to accept commands","ready":true}}
[debug] [38;5;32m[AndroidUiautomator2Driver@a98d (56ecd9e1)][0m The initialization of the instrumentation process took 5148ms
[debug] [38;5;32m[AndroidUiautomator2Driver@a98d (56ecd9e1)][0m Matched '/session' to command name 'createSession'
[debug] [38;5;32m[AndroidUiautomator2Driver@a98d (56ecd9e1)][0m Proxying [POST /session] to [POST http://127.0.0.1:8200/session] with body: {"capabilities":{"firstMatch":[{"platform":"LINUX","webStorageEnabled":false,"takesScreenshot":true,"javascriptEnabled":true,"databaseEnabled":false,"networkConnectionEnabled":true,"locationContextEnabled":false,"warnings":{},"desired":{"platformName":"Android","automationName":"UiAutomator2","deviceName":"5PFQ95GI9T9LG6Z5","platformVersion":"12.0","app":"C:\\Users\\acer\\Downloads\\Wdio using Appium\\test\\apk\\Diet_meal.apk","appPackage":"com.fghilmany.dietmealapp","appActivity":"com.fghilmany.dietmealapp.ui.main.MainActivity","noReset":true,"forceAppLaunch":true},"platformName":"Android","automationName":"UiAutomator2","deviceName":"5PFQ95GI9T9LG6Z5","platformVersion":"12.0","app":"C:\\Users\\acer\\Downloads\\Wdio using Appium\\test\\apk\\Diet_meal.apk","appPackage":"com.fghilmany.dietmealapp","appActivity":"com.fghilmany.dietmealapp.ui.main.MainActivity","noReset":true,"forceAppLaunch":true,"deviceUDID":"5PFQ95GI9T9LG6Z5"}],"alwaysMatch":{}}}
[debug] [38;5;32m[AndroidUiautomator2Driver@a98d (56ecd9e1)][0m Got response with status 200: {"sessionId":"cdfc1122-53f7-4095-acba-06840a149a81","value":{"capabilities":{"firstMatch":[{"platform":"LINUX","webStorageEnabled":false,"takesScreenshot":true,"javascriptEnabled":true,"databaseEnabled":false,"networkConnectionEnabled":true,"locationContextEnabled":false,"warnings":{},"desired":{"platformName":"Android","automationName":"UiAutomator2","deviceName":"5PFQ95GI9T9LG6Z5","platformVersion":"12.0","app":"C:\\Users\\acer\\Downloads\\Wdio using Appium\\test\\apk\\Diet_meal.apk","appPackage":"com.fghilmany.dietmealapp","appActivity":"com.fghilmany.dietmealapp.ui.main.MainActivity","noReset":true,"forceAppLaunch":true},"platformName":"Android","automationName":"UiAutomator2","deviceName":"5PFQ95GI9T9LG6Z5","platformVersion":"12.0","app":"C:\\Users\\acer\\Downloads\\Wdio using Appium\\test\\apk\\Diet_meal.apk","appPackage":"com.fghilmany.dietmealapp","appActivity":"com.fghilmany.dietmealapp.ui.main.MainActivity","noReset":true,"forceAppLaunch":true,"deviceUDID":"5PFQ95GI9T9LG6Z5"}],"alwaysMatch":{}},"...
[38;5;32m[AndroidUiautomator2Driver@a98d (56ecd9e1)][0m Determined the downstream protocol as 'W3C'
[debug] [38;5;32m[AndroidUiautomator2Driver@a98d (56ecd9e1)][0m Proxying [GET /appium/device/info] to [GET http://127.0.0.1:8200/session/cdfc1122-53f7-4095-acba-06840a149a81/appium/device/info] with no body
[debug] [38;5;32m[AndroidUiautomator2Driver@a98d (56ecd9e1)][0m Got response with status 200: {"sessionId":"cdfc1122-53f7-4095-acba-06840a149a81","value":{"androidId":"c990fad0d5419a7f","apiVersion":"31","bluetooth":{"state":"OFF"},"brand":"POCO","carrierName":"3","displayDensity":440,"locale":"in_ID","manufacturer":"Xiaomi","model":"2201117PG","networks":[{"capabilities":{"SSID":null,"linkDownBandwidthKbps":30000,"linkUpstreamBandwidthKbps":15000,"networkCapabilities":"NET_CAPABILITY_MMS,NET_CAPABILITY_SUPL,NET_CAPABILITY_INTERNET,NET_CAPABILITY_NOT_RESTRICTED,NET_CAPABILITY_TRUSTED,NET_CAPABILITY_NOT_VPN,NET_CAPABILITY_VALIDATED,NET_CAPABILITY_NOT_ROAMING,NET_CAPABILITY_NOT_CONGESTED,NET_CAPABILITY_NOT_SUSPENDED","signalStrength":-2147483648,"transportTypes":"TRANSPORT_CELLULAR"},"detailedState":"CONNECTED","extraInfo":"internet","isAvailable":true,"isConnected":true,"isFailover":false,"isRoaming":false,"state":"CONNECTED","subtype":13,"subtypeName":"LTE","type":0,"typeName":"MOBILE"},{"capabilities":{"SSID":null,"linkDownBandwidthKbps":30000,"linkUpstreamBandwidthKbps":15000,"networkCapabilities...
[debug] [38;5;64m[ADB][0m Running 'C:\Users\acer\AppData\Local\Android\Sdk\platform-tools\adb.exe -P 5037 -s 5PFQ95GI9T9LG6Z5 shell dumpsys window'
[38;5;80m[AndroidDriver][0m Screen already unlocked, doing nothing
[38;5;32m[AndroidUiautomator2Driver@a98d (56ecd9e1)][0m Starting 'com.fghilmany.dietmealapp/com.fghilmany.dietmealapp.ui.main.MainActivity and waiting for 'com.fghilmany.dietmealapp/com.fghilmany.dietmealapp.ui.main.MainActivity'
[debug] [38;5;64m[ADB][0m Running 'C:\Users\acer\AppData\Local\Android\Sdk\platform-tools\adb.exe -P 5037 -s 5PFQ95GI9T9LG6Z5 shell am start -W -n com.fghilmany.dietmealapp/com.fghilmany.dietmealapp.ui.main.MainActivity -S -a android.intent.action.MAIN -c android.intent.category.LAUNCHER -f 0x10200000'
[debug] [38;5;32m[AndroidUiautomator2Driver@a98d (56ecd9e1)][0m Proxying [GET /appium/device/pixel_ratio] to [GET http://127.0.0.1:8200/session/cdfc1122-53f7-4095-acba-06840a149a81/appium/device/pixel_ratio] with no body
[debug] [38;5;32m[AndroidUiautomator2Driver@a98d (56ecd9e1)][0m Got response with status 200: {"sessionId":"cdfc1122-53f7-4095-acba-06840a149a81","value":2.75}
[debug] [38;5;32m[AndroidUiautomator2Driver@a98d (56ecd9e1)][0m Matched '/appium/device/system_bars' to command name 'getSystemBars'
[debug] [38;5;32m[AndroidUiautomator2Driver@a98d (56ecd9e1)][0m Proxying [GET /appium/device/system_bars] to [GET http://127.0.0.1:8200/session/cdfc1122-53f7-4095-acba-06840a149a81/appium/device/system_bars] with no body
[debug] [38;5;32m[AndroidUiautomator2Driver@a98d (56ecd9e1)][0m Got response with status 200: {"sessionId":"cdfc1122-53f7-4095-acba-06840a149a81","value":{"statusBar":93}}
[debug] [38;5;32m[AndroidUiautomator2Driver@a98d (56ecd9e1)][0m Matched '/window/current/size' to command name 'getWindowSize'
[debug] [38;5;32m[AndroidUiautomator2Driver@a98d (56ecd9e1)][0m Proxying [GET /window/current/size] to [GET http://127.0.0.1:8200/session/cdfc1122-53f7-4095-acba-06840a149a81/window/current/size] with no body
[debug] [38;5;32m[AndroidUiautomator2Driver@a98d (56ecd9e1)][0m Got response with status 200: {"sessionId":"cdfc1122-53f7-4095-acba-06840a149a81","value":{"height":2177,"width":1080}}
[38;5;16m[AppiumDriver@c41a][0m New AndroidUiautomator2Driver session created successfully, session 56ecd9e1-4dda-4b74-9301-4051a2dee5b5 added to master session list
[debug] [38;5;16m[AppiumDriver@c41a][0m Event 'newSessionStarted' logged at 1677200511674 (08:01:51 GMT+0700 (Western Indonesia Time))
[debug] [38;5;32m[AndroidUiautomator2Driver@a98d (56ecd9e1)][0m Cached the protocol value 'W3C' for the new session 56ecd9e1-4dda-4b74-9301-4051a2dee5b5
[debug] [38;5;32m[AndroidUiautomator2Driver@a98d (56ecd9e1)][0m Responding to client with driver.createSession() result: {"capabilities":{"platform":"LINUX","webStorageEnabled":false,"takesScreenshot":true,"javascriptEnabled":true,"databaseEnabled":false,"networkConnectionEnabled":true,"locationContextEnabled":false,"warnings":{},"desired":{"platformName":"Android","automationName":"UiAutomator2","deviceName":"5PFQ95GI9T9LG6Z5","platformVersion":"12.0","app":"C:\\Users\\acer\\Downloads\\Wdio using Appium\\test\\apk\\Diet_meal.apk","appPackage":"com.fghilmany.dietmealapp","appActivity":"com.fghilmany.dietmealapp.ui.main.MainActivity","noReset":true,"forceAppLaunch":true},"platformName":"Android","automationName":"UiAutomator2","deviceName":"5PFQ95GI9T9LG6Z5","platformVersion":"12","app":"C:\\Users\\acer\\Downloads\\Wdio using Appium\\test\\apk\\Diet_meal.apk","appPackage":"com.fghilmany.dietmealapp","appActivity":"com.fghilmany.dietmealapp.ui.main.MainActivity","noReset":true,"forceAppLaunch":true,"deviceUDID":"5PFQ95GI9T9LG6Z5","deviceApiLevel":31,"deviceScreenSize":"1080x2400","deviceScreenDensity":440,"deviceModel":"220111...
[38;5;0m[HTTP][0m [37m<-- POST /session [39m[32m200[39m [90m10086 ms - 1217[39m
[38;5;0m[HTTP][0m [90m[39m
[38;5;0m[HTTP][0m [37m-->[39m [37mPOST[39m [37m/session/56ecd9e1-4dda-4b74-9301-4051a2dee5b5/element[39m
[38;5;0m[HTTP][0m [90m{"using":"xpath","value":"/hierarchy/android.widget.FrameLayout/android.widget.LinearLayout/android.widget.FrameLayout/android.widget.LinearLayout/android.widget.FrameLayout/android.view.ViewGroup/android.widget.FrameLayout/android.view.ViewGroup/android.widget.LinearLayout[1]/android.widget.FrameLayout/android.widget.EditText"}[39m
[debug] [38;5;32m[AndroidUiautomator2Driver@a98d (56ecd9e1)][0m Calling AppiumDriver.findElement() with args: ["xpath","/hierarchy/android.widget.FrameLayout/android.widget.LinearLayout/android.widget.FrameLayout/android.widget.LinearLayout/android.widget.FrameLayout/android.view.ViewGroup/android.widget.FrameLayout/android.view.ViewGroup/android.widget.LinearLayout[1]/android.widget.FrameLayout/android.widget.EditText","56ecd9e1-4dda-4b74-9301-4051a2dee5b5"]
[debug] [38;5;32m[AndroidUiautomator2Driver@a98d (56ecd9e1)][0m Valid locator strategies for this request: xpath, id, class name, accessibility id, css selector, -android uiautomator
[debug] [38;5;32m[AndroidUiautomator2Driver@a98d (56ecd9e1)][0m Waiting up to 0 ms for condition
[debug] [38;5;32m[AndroidUiautomator2Driver@a98d (56ecd9e1)][0m Matched '/element' to command name 'findElement'
[debug] [38;5;32m[AndroidUiautomator2Driver@a98d (56ecd9e1)][0m Proxying [POST /element] to [POST http://127.0.0.1:8200/session/cdfc1122-53f7-4095-acba-06840a149a81/element] with body: {"strategy":"xpath","selector":"/hierarchy/android.widget.FrameLayout/android.widget.LinearLayout/android.widget.FrameLayout/android.widget.LinearLayout/android.widget.FrameLayout/android.view.ViewGroup/android.widget.FrameLayout/android.view.ViewGroup/android.widget.LinearLayout[1]/android.widget.FrameLayout/android.widget.EditText","context":"","multiple":false}
[38;5;32m[AndroidUiautomator2Driver@a98d (56ecd9e1)][0m Got response with status 404: {"sessionId":"cdfc1122-53f7-4095-acba-06840a149a81","value":{"error":"no such element","message":"An element could not be located on the page using the given search parameters","stacktrace":"io.appium.uiautomator2.common.exceptions.ElementNotFoundException: An element could not be located on the page using the given search parameters\n\tat io.appium.uiautomator2.handler.FindElement.findElement(FindElement.java:90)\n\tat io.appium.uiautomator2.handler.FindElement.safeHandle(FindElement.java:67)\n\tat io.appium.uiautomator2.handler.request.SafeRequestHandler.handle(SafeRequestHandler.java:59)\n\tat io.appium.uiautomator2.server.AppiumServlet.handleRequest(AppiumServlet.java:267)\n\tat io.appium.uiautomator2.server.AppiumServlet.handleHttpRequest(AppiumServlet.java:261)\n\tat io.appium.uiautomator2.http.ServerHandler.channelRead(ServerHandler.java:68)\n\tat io.netty.channel.AbstractChannelHandlerContext.invokeChannelRead(AbstractChannelHandlerContext.java:366)\n\tat io.netty.channel.AbstractChannelHandlerCont...
[debug] [38;5;128m[W3C][0m Matched W3C error code 'no such element' to NoSuchElementError
[debug] [38;5;32m[AndroidUiautomator2Driver@a98d (56ecd9e1)][0m Encountered internal error running command: NoSuchElementError: An element could not be located on the page using the given search parameters.
[debug] [38;5;32m[AndroidUiautomator2Driver@a98d (56ecd9e1)][0m     at AndroidUiautomator2Driver.findElOrEls (C:\Users\acer\Downloads\WebdriverIO using Appium\node_modules\appium-uiautomator2-driver\node_modules\appium-android-driver\lib\commands\find.js:75:11)
[debug] [38;5;32m[AndroidUiautomator2Driver@a98d (56ecd9e1)][0m     at runMicrotasks (<anonymous>)
[debug] [38;5;32m[AndroidUiautomator2Driver@a98d (56ecd9e1)][0m     at processTicksAndRejections (node:internal/process/task_queues:96:5)
[debug] [38;5;32m[AndroidUiautomator2Driver@a98d (56ecd9e1)][0m     at AndroidUiautomator2Driver.findElOrElsWithProcessing (C:\Users\acer\Downloads\WebdriverIO using Appium\node_modules\@appium\base-driver\lib\basedriver\commands\find.js:81:16)
[debug] [38;5;32m[AndroidUiautomator2Driver@a98d (56ecd9e1)][0m     at AndroidUiautomator2Driver.findElement (C:\Users\acer\Downloads\WebdriverIO using Appium\node_modules\@appium\base-driver\lib\basedriver\commands\find.js:21:14)
[38;5;0m[HTTP][0m [37m<-- POST /session/56ecd9e1-4dda-4b74-9301-4051a2dee5b5/element [39m[33m404[39m [90m871 ms - 935[39m
[38;5;0m[HTTP][0m [90m[39m
[38;5;0m[HTTP][0m [37m-->[39m [37mPOST[39m [37m/session/56ecd9e1-4dda-4b74-9301-4051a2dee5b5/elements[39m
[38;5;0m[HTTP][0m [90m{"using":"xpath","value":"/hierarchy/android.widget.FrameLayout/android.widget.LinearLayout/android.widget.FrameLayout/android.widget.LinearLayout/android.widget.FrameLayout/android.view.ViewGroup/android.widget.FrameLayout/android.view.ViewGroup/android.widget.LinearLayout[1]/android.widget.FrameLayout/android.widget.EditText"}[39m
[debug] [38;5;32m[AndroidUiautomator2Driver@a98d (56ecd9e1)][0m Calling AppiumDriver.findElements() with args: ["xpath","/hierarchy/android.widget.FrameLayout/android.widget.LinearLayout/android.widget.FrameLayout/android.widget.LinearLayout/android.widget.FrameLayout/android.view.ViewGroup/android.widget.FrameLayout/android.view.ViewGroup/android.widget.LinearLayout[1]/android.widget.FrameLayout/android.widget.EditText","56ecd9e1-4dda-4b74-9301-4051a2dee5b5"]
[debug] [38;5;32m[AndroidUiautomator2Driver@a98d (56ecd9e1)][0m Valid locator strategies for this request: xpath, id, class name, accessibility id, css selector, -android uiautomator
[debug] [38;5;32m[AndroidUiautomator2Driver@a98d (56ecd9e1)][0m Waiting up to 0 ms for condition
[debug] [38;5;32m[AndroidUiautomator2Driver@a98d (56ecd9e1)][0m Matched '/elements' to command name 'findElements'
[debug] [38;5;32m[AndroidUiautomator2Driver@a98d (56ecd9e1)][0m Proxying [POST /elements] to [POST http://127.0.0.1:8200/session/cdfc1122-53f7-4095-acba-06840a149a81/elements] with body: {"strategy":"xpath","selector":"/hierarchy/android.widget.FrameLayout/android.widget.LinearLayout/android.widget.FrameLayout/android.widget.LinearLayout/android.widget.FrameLayout/android.view.ViewGroup/android.widget.FrameLayout/android.view.ViewGroup/android.widget.LinearLayout[1]/android.widget.FrameLayout/android.widget.EditText","context":"","multiple":true}
[debug] [38;5;32m[AndroidUiautomator2Driver@a98d (56ecd9e1)][0m Got response with status 200: {"sessionId":"cdfc1122-53f7-4095-acba-06840a149a81","value":[]}
[debug] [38;5;32m[AndroidUiautomator2Driver@a98d (56ecd9e1)][0m Responding to client with driver.findElements() result: []
[38;5;0m[HTTP][0m [37m<-- POST /session/56ecd9e1-4dda-4b74-9301-4051a2dee5b5/elements [39m[32m200[39m [90m40 ms - 12[39m
[38;5;0m[HTTP][0m [90m[39m
[38;5;0m[HTTP][0m [37m-->[39m [37mPOST[39m [37m/session/56ecd9e1-4dda-4b74-9301-4051a2dee5b5/elements[39m
[38;5;0m[HTTP][0m [90m{"using":"xpath","value":"/hierarchy/android.widget.FrameLayout/android.widget.LinearLayout/android.widget.FrameLayout/android.widget.LinearLayout/android.widget.FrameLayout/android.view.ViewGroup/android.widget.FrameLayout/android.view.ViewGroup/android.widget.LinearLayout[1]/android.widget.FrameLayout/android.widget.EditText"}[39m
[debug] [38;5;32m[AndroidUiautomator2Driver@a98d (56ecd9e1)][0m Calling AppiumDriver.findElements() with args: ["xpath","/hierarchy/android.widget.FrameLayout/android.widget.LinearLayout/android.widget.FrameLayout/android.widget.LinearLayout/android.widget.FrameLayout/android.view.ViewGroup/android.widget.FrameLayout/android.view.ViewGroup/android.widget.LinearLayout[1]/android.widget.FrameLayout/android.widget.EditText","56ecd9e1-4dda-4b74-9301-4051a2dee5b5"]
[debug] [38;5;32m[AndroidUiautomator2Driver@a98d (56ecd9e1)][0m Valid locator strategies for this request: xpath, id, class name, accessibility id, css selector, -android uiautomator
[debug] [38;5;32m[AndroidUiautomator2Driver@a98d (56ecd9e1)][0m Waiting up to 0 ms for condition
[debug] [38;5;32m[AndroidUiautomator2Driver@a98d (56ecd9e1)][0m Matched '/elements' to command name 'findElements'
[debug] [38;5;32m[AndroidUiautomator2Driver@a98d (56ecd9e1)][0m Proxying [POST /elements] to [POST http://127.0.0.1:8200/session/cdfc1122-53f7-4095-acba-06840a149a81/elements] with body: {"strategy":"xpath","selector":"/hierarchy/android.widget.FrameLayout/android.widget.LinearLayout/android.widget.FrameLayout/android.widget.LinearLayout/android.widget.FrameLayout/android.view.ViewGroup/android.widget.FrameLayout/android.view.ViewGroup/android.widget.LinearLayout[1]/android.widget.FrameLayout/android.widget.EditText","context":"","multiple":true}
[debug] [38;5;32m[AndroidUiautomator2Driver@a98d (56ecd9e1)][0m Got response with status 200: {"sessionId":"cdfc1122-53f7-4095-acba-06840a149a81","value":[]}
[debug] [38;5;32m[AndroidUiautomator2Driver@a98d (56ecd9e1)][0m Responding to client with driver.findElements() result: []
[38;5;0m[HTTP][0m [37m<-- POST /session/56ecd9e1-4dda-4b74-9301-4051a2dee5b5/elements [39m[32m200[39m [90m37 ms - 12[39m
[38;5;0m[HTTP][0m [90m[39m
[38;5;0m[HTTP][0m [37m-->[39m [37mPOST[39m [37m/session/56ecd9e1-4dda-4b74-9301-4051a2dee5b5/elements[39m
[38;5;0m[HTTP][0m [90m{"using":"xpath","value":"/hierarchy/android.widget.FrameLayout/android.widget.LinearLayout/android.widget.FrameLayout/android.widget.LinearLayout/android.widget.FrameLayout/android.view.ViewGroup/android.widget.FrameLayout/android.view.ViewGroup/android.widget.LinearLayout[1]/android.widget.FrameLayout/android.widget.EditText"}[39m
[debug] [38;5;32m[AndroidUiautomator2Driver@a98d (56ecd9e1)][0m Calling AppiumDriver.findElements() with args: ["xpath","/hierarchy/android.widget.FrameLayout/android.widget.LinearLayout/android.widget.FrameLayout/android.widget.LinearLayout/android.widget.FrameLayout/android.view.ViewGroup/android.widget.FrameLayout/android.view.ViewGroup/android.widget.LinearLayout[1]/android.widget.FrameLayout/android.widget.EditText","56ecd9e1-4dda-4b74-9301-4051a2dee5b5"]
[debug] [38;5;32m[AndroidUiautomator2Driver@a98d (56ecd9e1)][0m Valid locator strategies for this request: xpath, id, class name, accessibility id, css selector, -android uiautomator
[debug] [38;5;32m[AndroidUiautomator2Driver@a98d (56ecd9e1)][0m Waiting up to 0 ms for condition
[debug] [38;5;32m[AndroidUiautomator2Driver@a98d (56ecd9e1)][0m Matched '/elements' to command name 'findElements'
[debug] [38;5;32m[AndroidUiautomator2Driver@a98d (56ecd9e1)][0m Proxying [POST /elements] to [POST http://127.0.0.1:8200/session/cdfc1122-53f7-4095-acba-06840a149a81/elements] with body: {"strategy":"xpath","selector":"/hierarchy/android.widget.FrameLayout/android.widget.LinearLayout/android.widget.FrameLayout/android.widget.LinearLayout/android.widget.FrameLayout/android.view.ViewGroup/android.widget.FrameLayout/android.view.ViewGroup/android.widget.LinearLayout[1]/android.widget.FrameLayout/android.widget.EditText","context":"","multiple":true}
[debug] [38;5;32m[AndroidUiautomator2Driver@a98d (56ecd9e1)][0m Got response with status 200: {"sessionId":"cdfc1122-53f7-4095-acba-06840a149a81","value":[]}
[debug] [38;5;32m[AndroidUiautomator2Driver@a98d (56ecd9e1)][0m Responding to client with driver.findElements() result: []
[38;5;0m[HTTP][0m [37m<-- POST /session/56ecd9e1-4dda-4b74-9301-4051a2dee5b5/elements [39m[32m200[39m [90m77 ms - 12[39m
[38;5;0m[HTTP][0m [90m[39m
[38;5;0m[HTTP][0m [37m-->[39m [37mPOST[39m [37m/session/56ecd9e1-4dda-4b74-9301-4051a2dee5b5/elements[39m
[38;5;0m[HTTP][0m [90m{"using":"xpath","value":"/hierarchy/android.widget.FrameLayout/android.widget.LinearLayout/android.widget.FrameLayout/android.widget.LinearLayout/android.widget.FrameLayout/android.view.ViewGroup/android.widget.FrameLayout/android.view.ViewGroup/android.widget.LinearLayout[1]/android.widget.FrameLayout/android.widget.EditText"}[39m
[debug] [38;5;32m[AndroidUiautomator2Driver@a98d (56ecd9e1)][0m Calling AppiumDriver.findElements() with args: ["xpath","/hierarchy/android.widget.FrameLayout/android.widget.LinearLayout/android.widget.FrameLayout/android.widget.LinearLayout/android.widget.FrameLayout/android.view.ViewGroup/android.widget.FrameLayout/android.view.ViewGroup/android.widget.LinearLayout[1]/android.widget.FrameLayout/android.widget.EditText","56ecd9e1-4dda-4b74-9301-4051a2dee5b5"]
[debug] [38;5;32m[AndroidUiautomator2Driver@a98d (56ecd9e1)][0m Valid locator strategies for this request: xpath, id, class name, accessibility id, css selector, -android uiautomator
[debug] [38;5;32m[AndroidUiautomator2Driver@a98d (56ecd9e1)][0m Waiting up to 0 ms for condition
[debug] [38;5;32m[AndroidUiautomator2Driver@a98d (56ecd9e1)][0m Matched '/elements' to command name 'findElements'
[debug] [38;5;32m[AndroidUiautomator2Driver@a98d (56ecd9e1)][0m Proxying [POST /elements] to [POST http://127.0.0.1:8200/session/cdfc1122-53f7-4095-acba-06840a149a81/elements] with body: {"strategy":"xpath","selector":"/hierarchy/android.widget.FrameLayout/android.widget.LinearLayout/android.widget.FrameLayout/android.widget.LinearLayout/android.widget.FrameLayout/android.view.ViewGroup/android.widget.FrameLayout/android.view.ViewGroup/android.widget.LinearLayout[1]/android.widget.FrameLayout/android.widget.EditText","context":"","multiple":true}
[debug] [38;5;32m[AndroidUiautomator2Driver@a98d (56ecd9e1)][0m Got response with status 200: {"sessionId":"cdfc1122-53f7-4095-acba-06840a149a81","value":[]}
[debug] [38;5;32m[AndroidUiautomator2Driver@a98d (56ecd9e1)][0m Responding to client with driver.findElements() result: []
[38;5;0m[HTTP][0m [37m<-- POST /session/56ecd9e1-4dda-4b74-9301-4051a2dee5b5/elements [39m[32m200[39m [90m84 ms - 12[39m
[38;5;0m[HTTP][0m [90m[39m
[38;5;0m[HTTP][0m [37m-->[39m [37mPOST[39m [37m/session/56ecd9e1-4dda-4b74-9301-4051a2dee5b5/elements[39m
[38;5;0m[HTTP][0m [90m{"using":"xpath","value":"/hierarchy/android.widget.FrameLayout/android.widget.LinearLayout/android.widget.FrameLayout/android.widget.LinearLayout/android.widget.FrameLayout/android.view.ViewGroup/android.widget.FrameLayout/android.view.ViewGroup/android.widget.LinearLayout[1]/android.widget.FrameLayout/android.widget.EditText"}[39m
[debug] [38;5;32m[AndroidUiautomator2Driver@a98d (56ecd9e1)][0m Calling AppiumDriver.findElements() with args: ["xpath","/hierarchy/android.widget.FrameLayout/android.widget.LinearLayout/android.widget.FrameLayout/android.widget.LinearLayout/android.widget.FrameLayout/android.view.ViewGroup/android.widget.FrameLayout/android.view.ViewGroup/android.widget.LinearLayout[1]/android.widget.FrameLayout/android.widget.EditText","56ecd9e1-4dda-4b74-9301-4051a2dee5b5"]
[debug] [38;5;32m[AndroidUiautomator2Driver@a98d (56ecd9e1)][0m Valid locator strategies for this request: xpath, id, class name, accessibility id, css selector, -android uiautomator
[debug] [38;5;32m[AndroidUiautomator2Driver@a98d (56ecd9e1)][0m Waiting up to 0 ms for condition
[debug] [38;5;32m[AndroidUiautomator2Driver@a98d (56ecd9e1)][0m Matched '/elements' to command name 'findElements'
[debug] [38;5;32m[AndroidUiautomator2Driver@a98d (56ecd9e1)][0m Proxying [POST /elements] to [POST http://127.0.0.1:8200/session/cdfc1122-53f7-4095-acba-06840a149a81/elements] with body: {"strategy":"xpath","selector":"/hierarchy/android.widget.FrameLayout/android.widget.LinearLayout/android.widget.FrameLayout/android.widget.LinearLayout/android.widget.FrameLayout/android.view.ViewGroup/android.widget.FrameLayout/android.view.ViewGroup/android.widget.LinearLayout[1]/android.widget.FrameLayout/android.widget.EditText","context":"","multiple":true}
[debug] [38;5;32m[AndroidUiautomator2Driver@a98d (56ecd9e1)][0m Got response with status 200: {"sessionId":"cdfc1122-53f7-4095-acba-06840a149a81","value":[{"ELEMENT":"00000000-0000-019b-ffff-ffff00000013","element-6066-11e4-a52e-4f735466cecf":"00000000-0000-019b-ffff-ffff00000013"}]}
[debug] [38;5;32m[AndroidUiautomator2Driver@a98d (56ecd9e1)][0m Responding to client with driver.findElements() result: [{"element-6066-11e4-a52e-4f735466cecf":"00000000-0000-019b-ffff-ffff00000013","ELEMENT":"00000000-0000-019b-ffff-ffff00000013"}]
[38;5;0m[HTTP][0m [37m<-- POST /session/56ecd9e1-4dda-4b74-9301-4051a2dee5b5/elements [39m[32m200[39m [90m613 ms - 139[39m
[38;5;0m[HTTP][0m [90m[39m
[38;5;0m[HTTP][0m [37m-->[39m [37mPOST[39m [37m/session/56ecd9e1-4dda-4b74-9301-4051a2dee5b5/element[39m
[38;5;0m[HTTP][0m [90m{"using":"xpath","value":"/hierarchy/android.widget.FrameLayout/android.widget.LinearLayout/android.widget.FrameLayout/android.widget.LinearLayout/android.widget.FrameLayout/android.view.ViewGroup/android.widget.FrameLayout/android.view.ViewGroup/android.widget.LinearLayout[1]/android.widget.FrameLayout/android.widget.EditText"}[39m
[debug] [38;5;32m[AndroidUiautomator2Driver@a98d (56ecd9e1)][0m Calling AppiumDriver.findElement() with args: ["xpath","/hierarchy/android.widget.FrameLayout/android.widget.LinearLayout/android.widget.FrameLayout/android.widget.LinearLayout/android.widget.FrameLayout/android.view.ViewGroup/android.widget.FrameLayout/android.view.ViewGroup/android.widget.LinearLayout[1]/android.widget.FrameLayout/android.widget.EditText","56ecd9e1-4dda-4b74-9301-4051a2dee5b5"]
[debug] [38;5;32m[AndroidUiautomator2Driver@a98d (56ecd9e1)][0m Valid locator strategies for this request: xpath, id, class name, accessibility id, css selector, -android uiautomator
[debug] [38;5;32m[AndroidUiautomator2Driver@a98d (56ecd9e1)][0m Waiting up to 0 ms for condition
[debug] [38;5;32m[AndroidUiautomator2Driver@a98d (56ecd9e1)][0m Matched '/element' to command name 'findElement'
[debug] [38;5;32m[AndroidUiautomator2Driver@a98d (56ecd9e1)][0m Proxying [POST /element] to [POST http://127.0.0.1:8200/session/cdfc1122-53f7-4095-acba-06840a149a81/element] with body: {"strategy":"xpath","selector":"/hierarchy/android.widget.FrameLayout/android.widget.LinearLayout/android.widget.FrameLayout/android.widget.LinearLayout/android.widget.FrameLayout/android.view.ViewGroup/android.widget.FrameLayout/android.view.ViewGroup/android.widget.LinearLayout[1]/android.widget.FrameLayout/android.widget.EditText","context":"","multiple":false}
[debug] [38;5;32m[AndroidUiautomator2Driver@a98d (56ecd9e1)][0m Got response with status 200: {"sessionId":"cdfc1122-53f7-4095-acba-06840a149a81","value":{"ELEMENT":"00000000-0000-019b-ffff-ffff00000013","element-6066-11e4-a52e-4f735466cecf":"00000000-0000-019b-ffff-ffff00000013"}}
[debug] [38;5;32m[AndroidUiautomator2Driver@a98d (56ecd9e1)][0m Responding to client with driver.findElement() result: {"element-6066-11e4-a52e-4f735466cecf":"00000000-0000-019b-ffff-ffff00000013","ELEMENT":"00000000-0000-019b-ffff-ffff00000013"}
[38;5;0m[HTTP][0m [37m<-- POST /session/56ecd9e1-4dda-4b74-9301-4051a2dee5b5/element [39m[32m200[39m [90m626 ms - 137[39m
[38;5;0m[HTTP][0m [90m[39m
[38;5;0m[HTTP][0m [37m-->[39m [37mPOST[39m [37m/session/56ecd9e1-4dda-4b74-9301-4051a2dee5b5/element/00000000-0000-019b-ffff-ffff00000013/clear[39m
[38;5;0m[HTTP][0m [90m{}[39m
[debug] [38;5;32m[AndroidUiautomator2Driver@a98d (56ecd9e1)][0m Calling AppiumDriver.clear() with args: ["00000000-0000-019b-ffff-ffff00000013","56ecd9e1-4dda-4b74-9301-4051a2dee5b5"]
[debug] [38;5;32m[AndroidUiautomator2Driver@a98d (56ecd9e1)][0m Matched '/element/00000000-0000-019b-ffff-ffff00000013/clear' to command name 'clear'
[debug] [38;5;32m[AndroidUiautomator2Driver@a98d (56ecd9e1)][0m Proxying [POST /element/00000000-0000-019b-ffff-ffff00000013/clear] to [POST http://127.0.0.1:8200/session/cdfc1122-53f7-4095-acba-06840a149a81/element/00000000-0000-019b-ffff-ffff00000013/clear] with body: {"elementId":"00000000-0000-019b-ffff-ffff00000013"}
[debug] [38;5;32m[AndroidUiautomator2Driver@a98d (56ecd9e1)][0m Got response with status 200: {"sessionId":"cdfc1122-53f7-4095-acba-06840a149a81","value":null}
[debug] [38;5;32m[AndroidUiautomator2Driver@a98d (56ecd9e1)][0m Responding to client with driver.clear() result: null
[38;5;0m[HTTP][0m [37m<-- POST /session/56ecd9e1-4dda-4b74-9301-4051a2dee5b5/element/00000000-0000-019b-ffff-ffff00000013/clear [39m[32m200[39m [90m35 ms - 14[39m
[38;5;0m[HTTP][0m [90m[39m
[38;5;0m[HTTP][0m [37m-->[39m [37mPOST[39m [37m/session/56ecd9e1-4dda-4b74-9301-4051a2dee5b5/element/00000000-0000-019b-ffff-ffff00000013/value[39m
[38;5;0m[HTTP][0m [90m{"text":"Admin Diet"}[39m
[debug] [38;5;32m[AndroidUiautomator2Driver@a98d (56ecd9e1)][0m Calling AppiumDriver.setValue() with args: ["Admin Diet","00000000-0000-019b-ffff-ffff00000013","56ecd9e1-4dda-4b74-9301-4051a2dee5b5"]
[debug] [38;5;32m[AndroidUiautomator2Driver@a98d (56ecd9e1)][0m Matched '/element/00000000-0000-019b-ffff-ffff00000013/value' to command name 'setValue'
[debug] [38;5;32m[AndroidUiautomator2Driver@a98d (56ecd9e1)][0m Added 'value' property ["A","d","m","i","n"," ","D","i","e","t"] to 'setValue' request body
[debug] [38;5;32m[AndroidUiautomator2Driver@a98d (56ecd9e1)][0m Proxying [POST /element/00000000-0000-019b-ffff-ffff00000013/value] to [POST http://127.0.0.1:8200/session/cdfc1122-53f7-4095-acba-06840a149a81/element/00000000-0000-019b-ffff-ffff00000013/value] with body: {"elementId":"00000000-0000-019b-ffff-ffff00000013","text":"Admin Diet","replace":false,"value":["A","d","m","i","n"," ","D","i","e","t"]}
[debug] [38;5;32m[AndroidUiautomator2Driver@a98d (56ecd9e1)][0m Got response with status 200: {"sessionId":"cdfc1122-53f7-4095-acba-06840a149a81","value":null}
[debug] [38;5;32m[AndroidUiautomator2Driver@a98d (56ecd9e1)][0m Responding to client with driver.setValue() result: null
[38;5;0m[HTTP][0m [37m<-- POST /session/56ecd9e1-4dda-4b74-9301-4051a2dee5b5/element/00000000-0000-019b-ffff-ffff00000013/value [39m[32m200[39m [90m1051 ms - 14[39m
[38;5;0m[HTTP][0m [90m[39m
[38;5;0m[HTTP][0m [37m-->[39m [37mPOST[39m [37m/session/56ecd9e1-4dda-4b74-9301-4051a2dee5b5/element[39m
[38;5;0m[HTTP][0m [90m{"using":"xpath","value":"/hierarchy/android.widget.FrameLayout/android.widget.LinearLayout/android.widget.FrameLayout/android.widget.LinearLayout/android.widget.FrameLayout/android.view.ViewGroup/android.widget.FrameLayout/android.view.ViewGroup/android.widget.LinearLayout[2]/android.widget.FrameLayout/android.widget.EditText"}[39m
[debug] [38;5;32m[AndroidUiautomator2Driver@a98d (56ecd9e1)][0m Calling AppiumDriver.findElement() with args: ["xpath","/hierarchy/android.widget.FrameLayout/android.widget.LinearLayout/android.widget.FrameLayout/android.widget.LinearLayout/android.widget.FrameLayout/android.view.ViewGroup/android.widget.FrameLayout/android.view.ViewGroup/android.widget.LinearLayout[2]/android.widget.FrameLayout/android.widget.EditText","56ecd9e1-4dda-4b74-9301-4051a2dee5b5"]
[debug] [38;5;32m[AndroidUiautomator2Driver@a98d (56ecd9e1)][0m Valid locator strategies for this request: xpath, id, class name, accessibility id, css selector, -android uiautomator
[debug] [38;5;32m[AndroidUiautomator2Driver@a98d (56ecd9e1)][0m Waiting up to 0 ms for condition
[debug] [38;5;32m[AndroidUiautomator2Driver@a98d (56ecd9e1)][0m Matched '/element' to command name 'findElement'
[debug] [38;5;32m[AndroidUiautomator2Driver@a98d (56ecd9e1)][0m Proxying [POST /element] to [POST http://127.0.0.1:8200/session/cdfc1122-53f7-4095-acba-06840a149a81/element] with body: {"strategy":"xpath","selector":"/hierarchy/android.widget.FrameLayout/android.widget.LinearLayout/android.widget.FrameLayout/android.widget.LinearLayout/android.widget.FrameLayout/android.view.ViewGroup/android.widget.FrameLayout/android.view.ViewGroup/android.widget.LinearLayout[2]/android.widget.FrameLayout/android.widget.EditText","context":"","multiple":false}
[debug] [38;5;32m[AndroidUiautomator2Driver@a98d (56ecd9e1)][0m Got response with status 200: {"sessionId":"cdfc1122-53f7-4095-acba-06840a149a81","value":{"ELEMENT":"00000000-0000-019b-ffff-ffff0000001f","element-6066-11e4-a52e-4f735466cecf":"00000000-0000-019b-ffff-ffff0000001f"}}
[debug] [38;5;32m[AndroidUiautomator2Driver@a98d (56ecd9e1)][0m Responding to client with driver.findElement() result: {"element-6066-11e4-a52e-4f735466cecf":"00000000-0000-019b-ffff-ffff0000001f","ELEMENT":"00000000-0000-019b-ffff-ffff0000001f"}
[38;5;0m[HTTP][0m [37m<-- POST /session/56ecd9e1-4dda-4b74-9301-4051a2dee5b5/element [39m[32m200[39m [90m686 ms - 137[39m
[38;5;0m[HTTP][0m [90m[39m
[38;5;0m[HTTP][0m [37m-->[39m [37mPOST[39m [37m/session/56ecd9e1-4dda-4b74-9301-4051a2dee5b5/element/00000000-0000-019b-ffff-ffff0000001f/clear[39m
[38;5;0m[HTTP][0m [90m{}[39m
[debug] [38;5;32m[AndroidUiautomator2Driver@a98d (56ecd9e1)][0m Calling AppiumDriver.clear() with args: ["00000000-0000-019b-ffff-ffff0000001f","56ecd9e1-4dda-4b74-9301-4051a2dee5b5"]
[debug] [38;5;32m[AndroidUiautomator2Driver@a98d (56ecd9e1)][0m Matched '/element/00000000-0000-019b-ffff-ffff0000001f/clear' to command name 'clear'
[debug] [38;5;32m[AndroidUiautomator2Driver@a98d (56ecd9e1)][0m Proxying [POST /element/00000000-0000-019b-ffff-ffff0000001f/clear] to [POST http://127.0.0.1:8200/session/cdfc1122-53f7-4095-acba-06840a149a81/element/00000000-0000-019b-ffff-ffff0000001f/clear] with body: {"elementId":"00000000-0000-019b-ffff-ffff0000001f"}
[debug] [38;5;32m[AndroidUiautomator2Driver@a98d (56ecd9e1)][0m Got response with status 200: {"sessionId":"cdfc1122-53f7-4095-acba-06840a149a81","value":null}
[debug] [38;5;32m[AndroidUiautomator2Driver@a98d (56ecd9e1)][0m Responding to client with driver.clear() result: null
[38;5;0m[HTTP][0m [37m<-- POST /session/56ecd9e1-4dda-4b74-9301-4051a2dee5b5/element/00000000-0000-019b-ffff-ffff0000001f/clear [39m[32m200[39m [90m32 ms - 14[39m
[38;5;0m[HTTP][0m [90m[39m
[38;5;0m[HTTP][0m [37m-->[39m [37mPOST[39m [37m/session/56ecd9e1-4dda-4b74-9301-4051a2dee5b5/element/00000000-0000-019b-ffff-ffff0000001f/value[39m
[38;5;0m[HTTP][0m [90m{"text":"65"}[39m
[debug] [38;5;32m[AndroidUiautomator2Driver@a98d (56ecd9e1)][0m Calling AppiumDriver.setValue() with args: ["65","00000000-0000-019b-ffff-ffff0000001f","56ecd9e1-4dda-4b74-9301-4051a2dee5b5"]
[debug] [38;5;32m[AndroidUiautomator2Driver@a98d (56ecd9e1)][0m Matched '/element/00000000-0000-019b-ffff-ffff0000001f/value' to command name 'setValue'
[debug] [38;5;32m[AndroidUiautomator2Driver@a98d (56ecd9e1)][0m Added 'value' property ["6","5"] to 'setValue' request body
[debug] [38;5;32m[AndroidUiautomator2Driver@a98d (56ecd9e1)][0m Proxying [POST /element/00000000-0000-019b-ffff-ffff0000001f/value] to [POST http://127.0.0.1:8200/session/cdfc1122-53f7-4095-acba-06840a149a81/element/00000000-0000-019b-ffff-ffff0000001f/value] with body: {"elementId":"00000000-0000-019b-ffff-ffff0000001f","text":"65","replace":false,"value":["6","5"]}
[debug] [38;5;32m[AndroidUiautomator2Driver@a98d (56ecd9e1)][0m Got response with status 200: {"sessionId":"cdfc1122-53f7-4095-acba-06840a149a81","value":null}
[debug] [38;5;32m[AndroidUiautomator2Driver@a98d (56ecd9e1)][0m Responding to client with driver.setValue() result: null
[38;5;0m[HTTP][0m [37m<-- POST /session/56ecd9e1-4dda-4b74-9301-4051a2dee5b5/element/00000000-0000-019b-ffff-ffff0000001f/value [39m[32m200[39m [90m1041 ms - 14[39m
[38;5;0m[HTTP][0m [90m[39m
[38;5;0m[HTTP][0m [37m-->[39m [37mPOST[39m [37m/session/56ecd9e1-4dda-4b74-9301-4051a2dee5b5/element[39m
[38;5;0m[HTTP][0m [90m{"using":"xpath","value":"/hierarchy/android.widget.FrameLayout/android.widget.LinearLayout/android.widget.FrameLayout/android.widget.LinearLayout/android.widget.FrameLayout/android.view.ViewGroup/android.widget.FrameLayout/android.view.ViewGroup/android.widget.LinearLayout[3]/android.widget.FrameLayout/android.widget.EditText"}[39m
[debug] [38;5;32m[AndroidUiautomator2Driver@a98d (56ecd9e1)][0m Calling AppiumDriver.findElement() with args: ["xpath","/hierarchy/android.widget.FrameLayout/android.widget.LinearLayout/android.widget.FrameLayout/android.widget.LinearLayout/android.widget.FrameLayout/android.view.ViewGroup/android.widget.FrameLayout/android.view.ViewGroup/android.widget.LinearLayout[3]/android.widget.FrameLayout/android.widget.EditText","56ecd9e1-4dda-4b74-9301-4051a2dee5b5"]
[debug] [38;5;32m[AndroidUiautomator2Driver@a98d (56ecd9e1)][0m Valid locator strategies for this request: xpath, id, class name, accessibility id, css selector, -android uiautomator
[debug] [38;5;32m[AndroidUiautomator2Driver@a98d (56ecd9e1)][0m Waiting up to 0 ms for condition
[debug] [38;5;32m[AndroidUiautomator2Driver@a98d (56ecd9e1)][0m Matched '/element' to command name 'findElement'
[debug] [38;5;32m[AndroidUiautomator2Driver@a98d (56ecd9e1)][0m Proxying [POST /element] to [POST http://127.0.0.1:8200/session/cdfc1122-53f7-4095-acba-06840a149a81/element] with body: {"strategy":"xpath","selector":"/hierarchy/android.widget.FrameLayout/android.widget.LinearLayout/android.widget.FrameLayout/android.widget.LinearLayout/android.widget.FrameLayout/android.view.ViewGroup/android.widget.FrameLayout/android.view.ViewGroup/android.widget.LinearLayout[3]/android.widget.FrameLayout/android.widget.EditText","context":"","multiple":false}
[debug] [38;5;32m[AndroidUiautomator2Driver@a98d (56ecd9e1)][0m Got response with status 200: {"sessionId":"cdfc1122-53f7-4095-acba-06840a149a81","value":{"ELEMENT":"00000000-0000-019b-ffff-ffff0000002b","element-6066-11e4-a52e-4f735466cecf":"00000000-0000-019b-ffff-ffff0000002b"}}
[debug] [38;5;32m[AndroidUiautomator2Driver@a98d (56ecd9e1)][0m Responding to client with driver.findElement() result: {"element-6066-11e4-a52e-4f735466cecf":"00000000-0000-019b-ffff-ffff0000002b","ELEMENT":"00000000-0000-019b-ffff-ffff0000002b"}
[38;5;0m[HTTP][0m [37m<-- POST /session/56ecd9e1-4dda-4b74-9301-4051a2dee5b5/element [39m[32m200[39m [90m801 ms - 137[39m
[38;5;0m[HTTP][0m [90m[39m
[38;5;0m[HTTP][0m [37m-->[39m [37mPOST[39m [37m/session/56ecd9e1-4dda-4b74-9301-4051a2dee5b5/element/00000000-0000-019b-ffff-ffff0000002b/clear[39m
[38;5;0m[HTTP][0m [90m{}[39m
[debug] [38;5;32m[AndroidUiautomator2Driver@a98d (56ecd9e1)][0m Calling AppiumDriver.clear() with args: ["00000000-0000-019b-ffff-ffff0000002b","56ecd9e1-4dda-4b74-9301-4051a2dee5b5"]
[debug] [38;5;32m[AndroidUiautomator2Driver@a98d (56ecd9e1)][0m Matched '/element/00000000-0000-019b-ffff-ffff0000002b/clear' to command name 'clear'
[debug] [38;5;32m[AndroidUiautomator2Driver@a98d (56ecd9e1)][0m Proxying [POST /element/00000000-0000-019b-ffff-ffff0000002b/clear] to [POST http://127.0.0.1:8200/session/cdfc1122-53f7-4095-acba-06840a149a81/element/00000000-0000-019b-ffff-ffff0000002b/clear] with body: {"elementId":"00000000-0000-019b-ffff-ffff0000002b"}
[debug] [38;5;32m[AndroidUiautomator2Driver@a98d (56ecd9e1)][0m Got response with status 200: {"sessionId":"cdfc1122-53f7-4095-acba-06840a149a81","value":null}
[debug] [38;5;32m[AndroidUiautomator2Driver@a98d (56ecd9e1)][0m Responding to client with driver.clear() result: null
[38;5;0m[HTTP][0m [37m<-- POST /session/56ecd9e1-4dda-4b74-9301-4051a2dee5b5/element/00000000-0000-019b-ffff-ffff0000002b/clear [39m[32m200[39m [90m38 ms - 14[39m
[38;5;0m[HTTP][0m [90m[39m
[38;5;0m[HTTP][0m [37m-->[39m [37mPOST[39m [37m/session/56ecd9e1-4dda-4b74-9301-4051a2dee5b5/element/00000000-0000-019b-ffff-ffff0000002b/value[39m
[38;5;0m[HTTP][0m [90m{"text":"175"}[39m
[debug] [38;5;32m[AndroidUiautomator2Driver@a98d (56ecd9e1)][0m Calling AppiumDriver.setValue() with args: ["175","00000000-0000-019b-ffff-ffff0000002b","56ecd9e1-4dda-4b74-9301-4051a2dee5b5"]
[debug] [38;5;32m[AndroidUiautomator2Driver@a98d (56ecd9e1)][0m Matched '/element/00000000-0000-019b-ffff-ffff0000002b/value' to command name 'setValue'
[debug] [38;5;32m[AndroidUiautomator2Driver@a98d (56ecd9e1)][0m Added 'value' property ["1","7","5"] to 'setValue' request body
[debug] [38;5;32m[AndroidUiautomator2Driver@a98d (56ecd9e1)][0m Proxying [POST /element/00000000-0000-019b-ffff-ffff0000002b/value] to [POST http://127.0.0.1:8200/session/cdfc1122-53f7-4095-acba-06840a149a81/element/00000000-0000-019b-ffff-ffff0000002b/value] with body: {"elementId":"00000000-0000-019b-ffff-ffff0000002b","text":"175","replace":false,"value":["1","7","5"]}
[debug] [38;5;32m[AndroidUiautomator2Driver@a98d (56ecd9e1)][0m Got response with status 200: {"sessionId":"cdfc1122-53f7-4095-acba-06840a149a81","value":null}
[debug] [38;5;32m[AndroidUiautomator2Driver@a98d (56ecd9e1)][0m Responding to client with driver.setValue() result: null
[38;5;0m[HTTP][0m [37m<-- POST /session/56ecd9e1-4dda-4b74-9301-4051a2dee5b5/element/00000000-0000-019b-ffff-ffff0000002b/value [39m[32m200[39m [90m1211 ms - 14[39m
[38;5;0m[HTTP][0m [90m[39m
[38;5;0m[HTTP][0m [37m-->[39m [37mPOST[39m [37m/session/56ecd9e1-4dda-4b74-9301-4051a2dee5b5/element[39m
[38;5;0m[HTTP][0m [90m{"using":"xpath","value":"/hierarchy/android.widget.FrameLayout/android.widget.LinearLayout/android.widget.FrameLayout/android.widget.LinearLayout/android.widget.FrameLayout/android.view.ViewGroup/android.widget.FrameLayout/android.view.ViewGroup/android.widget.RadioGroup/android.widget.RadioButton[1]"}[39m
[debug] [38;5;32m[AndroidUiautomator2Driver@a98d (56ecd9e1)][0m Calling AppiumDriver.findElement() with args: ["xpath","/hierarchy/android.widget.FrameLayout/android.widget.LinearLayout/android.widget.FrameLayout/android.widget.LinearLayout/android.widget.FrameLayout/android.view.ViewGroup/android.widget.FrameLayout/android.view.ViewGroup/android.widget.RadioGroup/android.widget.RadioButton[1]","56ecd9e1-4dda-4b74-9301-4051a2dee5b5"]
[debug] [38;5;32m[AndroidUiautomator2Driver@a98d (56ecd9e1)][0m Valid locator strategies for this request: xpath, id, class name, accessibility id, css selector, -android uiautomator
[debug] [38;5;32m[AndroidUiautomator2Driver@a98d (56ecd9e1)][0m Waiting up to 0 ms for condition
[debug] [38;5;32m[AndroidUiautomator2Driver@a98d (56ecd9e1)][0m Matched '/element' to command name 'findElement'
[debug] [38;5;32m[AndroidUiautomator2Driver@a98d (56ecd9e1)][0m Proxying [POST /element] to [POST http://127.0.0.1:8200/session/cdfc1122-53f7-4095-acba-06840a149a81/element] with body: {"strategy":"xpath","selector":"/hierarchy/android.widget.FrameLayout/android.widget.LinearLayout/android.widget.FrameLayout/android.widget.LinearLayout/android.widget.FrameLayout/android.view.ViewGroup/android.widget.FrameLayout/android.view.ViewGroup/android.widget.RadioGroup/android.widget.RadioButton[1]","context":"","multiple":false}
[debug] [38;5;32m[AndroidUiautomator2Driver@a98d (56ecd9e1)][0m Got response with status 200: {"sessionId":"cdfc1122-53f7-4095-acba-06840a149a81","value":{"ELEMENT":"00000000-0000-019b-ffff-ffff00000036","element-6066-11e4-a52e-4f735466cecf":"00000000-0000-019b-ffff-ffff00000036"}}
[debug] [38;5;32m[AndroidUiautomator2Driver@a98d (56ecd9e1)][0m Responding to client with driver.findElement() result: {"element-6066-11e4-a52e-4f735466cecf":"00000000-0000-019b-ffff-ffff00000036","ELEMENT":"00000000-0000-019b-ffff-ffff00000036"}
[38;5;0m[HTTP][0m [37m<-- POST /session/56ecd9e1-4dda-4b74-9301-4051a2dee5b5/element [39m[32m200[39m [90m768 ms - 137[39m
[38;5;0m[HTTP][0m [90m[39m
[38;5;0m[HTTP][0m [37m-->[39m [37mPOST[39m [37m/session/56ecd9e1-4dda-4b74-9301-4051a2dee5b5/element/00000000-0000-019b-ffff-ffff00000036/click[39m
[38;5;0m[HTTP][0m [90m{}[39m
[debug] [38;5;32m[AndroidUiautomator2Driver@a98d (56ecd9e1)][0m Calling AppiumDriver.click() with args: ["00000000-0000-019b-ffff-ffff00000036","56ecd9e1-4dda-4b74-9301-4051a2dee5b5"]
[debug] [38;5;32m[AndroidUiautomator2Driver@a98d (56ecd9e1)][0m Matched '/element/00000000-0000-019b-ffff-ffff00000036/click' to command name 'click'
[debug] [38;5;32m[AndroidUiautomator2Driver@a98d (56ecd9e1)][0m Proxying [POST /element/00000000-0000-019b-ffff-ffff00000036/click] to [POST http://127.0.0.1:8200/session/cdfc1122-53f7-4095-acba-06840a149a81/element/00000000-0000-019b-ffff-ffff00000036/click] with body: {"element":"00000000-0000-019b-ffff-ffff00000036"}
[debug] [38;5;32m[AndroidUiautomator2Driver@a98d (56ecd9e1)][0m Got response with status 200: {"sessionId":"cdfc1122-53f7-4095-acba-06840a149a81","value":null}
[debug] [38;5;32m[AndroidUiautomator2Driver@a98d (56ecd9e1)][0m Responding to client with driver.click() result: null
[38;5;0m[HTTP][0m [37m<-- POST /session/56ecd9e1-4dda-4b74-9301-4051a2dee5b5/element/00000000-0000-019b-ffff-ffff00000036/click [39m[32m200[39m [90m65 ms - 14[39m
[38;5;0m[HTTP][0m [90m[39m
[38;5;0m[HTTP][0m [37m-->[39m [37mPOST[39m [37m/session/56ecd9e1-4dda-4b74-9301-4051a2dee5b5/element[39m
[38;5;0m[HTTP][0m [90m{"using":"xpath","value":"/hierarchy/android.widget.FrameLayout/android.widget.LinearLayout/android.widget.FrameLayout/android.widget.LinearLayout/android.widget.FrameLayout/android.view.ViewGroup/android.widget.FrameLayout/android.view.ViewGroup/android.widget.Button"}[39m
[debug] [38;5;32m[AndroidUiautomator2Driver@a98d (56ecd9e1)][0m Calling AppiumDriver.findElement() with args: ["xpath","/hierarchy/android.widget.FrameLayout/android.widget.LinearLayout/android.widget.FrameLayout/android.widget.LinearLayout/android.widget.FrameLayout/android.view.ViewGroup/android.widget.FrameLayout/android.view.ViewGroup/android.widget.Button","56ecd9e1-4dda-4b74-9301-4051a2dee5b5"]
[debug] [38;5;32m[AndroidUiautomator2Driver@a98d (56ecd9e1)][0m Valid locator strategies for this request: xpath, id, class name, accessibility id, css selector, -android uiautomator
[debug] [38;5;32m[AndroidUiautomator2Driver@a98d (56ecd9e1)][0m Waiting up to 0 ms for condition
[debug] [38;5;32m[AndroidUiautomator2Driver@a98d (56ecd9e1)][0m Matched '/element' to command name 'findElement'
[debug] [38;5;32m[AndroidUiautomator2Driver@a98d (56ecd9e1)][0m Proxying [POST /element] to [POST http://127.0.0.1:8200/session/cdfc1122-53f7-4095-acba-06840a149a81/element] with body: {"strategy":"xpath","selector":"/hierarchy/android.widget.FrameLayout/android.widget.LinearLayout/android.widget.FrameLayout/android.widget.LinearLayout/android.widget.FrameLayout/android.view.ViewGroup/android.widget.FrameLayout/android.view.ViewGroup/android.widget.Button","context":"","multiple":false}
[debug] [38;5;32m[AndroidUiautomator2Driver@a98d (56ecd9e1)][0m Got response with status 200: {"sessionId":"cdfc1122-53f7-4095-acba-06840a149a81","value":{"ELEMENT":"00000000-0000-019b-ffff-ffff00000038","element-6066-11e4-a52e-4f735466cecf":"00000000-0000-019b-ffff-ffff00000038"}}
[debug] [38;5;32m[AndroidUiautomator2Driver@a98d (56ecd9e1)][0m Responding to client with driver.findElement() result: {"element-6066-11e4-a52e-4f735466cecf":"00000000-0000-019b-ffff-ffff00000038","ELEMENT":"00000000-0000-019b-ffff-ffff00000038"}
[38;5;0m[HTTP][0m [37m<-- POST /session/56ecd9e1-4dda-4b74-9301-4051a2dee5b5/element [39m[32m200[39m [90m731 ms - 137[39m
[38;5;0m[HTTP][0m [90m[39m
[38;5;0m[HTTP][0m [37m-->[39m [37mPOST[39m [37m/session/56ecd9e1-4dda-4b74-9301-4051a2dee5b5/element/00000000-0000-019b-ffff-ffff00000038/click[39m
[38;5;0m[HTTP][0m [90m{}[39m
[debug] [38;5;32m[AndroidUiautomator2Driver@a98d (56ecd9e1)][0m Calling AppiumDriver.click() with args: ["00000000-0000-019b-ffff-ffff00000038","56ecd9e1-4dda-4b74-9301-4051a2dee5b5"]
[debug] [38;5;32m[AndroidUiautomator2Driver@a98d (56ecd9e1)][0m Matched '/element/00000000-0000-019b-ffff-ffff00000038/click' to command name 'click'
[debug] [38;5;32m[AndroidUiautomator2Driver@a98d (56ecd9e1)][0m Proxying [POST /element/00000000-0000-019b-ffff-ffff00000038/click] to [POST http://127.0.0.1:8200/session/cdfc1122-53f7-4095-acba-06840a149a81/element/00000000-0000-019b-ffff-ffff00000038/click] with body: {"element":"00000000-0000-019b-ffff-ffff00000038"}
[debug] [38;5;32m[AndroidUiautomator2Driver@a98d (56ecd9e1)][0m Got response with status 200: {"sessionId":"cdfc1122-53f7-4095-acba-06840a149a81","value":null}
[debug] [38;5;32m[AndroidUiautomator2Driver@a98d (56ecd9e1)][0m Responding to client with driver.click() result: null
[38;5;0m[HTTP][0m [37m<-- POST /session/56ecd9e1-4dda-4b74-9301-4051a2dee5b5/element/00000000-0000-019b-ffff-ffff00000038/click [39m[32m200[39m [90m56 ms - 14[39m
[38;5;0m[HTTP][0m [90m[39m
[38;5;0m[HTTP][0m [37m-->[39m [37mPOST[39m [37m/session/56ecd9e1-4dda-4b74-9301-4051a2dee5b5/element[39m
[38;5;0m[HTTP][0m [90m{"using":"xpath","value":"/hierarchy/android.widget.FrameLayout/android.widget.LinearLayout/android.widget.FrameLayout/android.widget.LinearLayout/android.widget.FrameLayout/android.view.ViewGroup/android.widget.FrameLayout/android.view.ViewGroup/android.widget.RadioGroup/android.widget.RadioButton[4]"}[39m
[debug] [38;5;32m[AndroidUiautomator2Driver@a98d (56ecd9e1)][0m Calling AppiumDriver.findElement() with args: ["xpath","/hierarchy/android.widget.FrameLayout/android.widget.LinearLayout/android.widget.FrameLayout/android.widget.LinearLayout/android.widget.FrameLayout/android.view.ViewGroup/android.widget.FrameLayout/android.view.ViewGroup/android.widget.RadioGroup/android.widget.RadioButton[4]","56ecd9e1-4dda-4b74-9301-4051a2dee5b5"]
[debug] [38;5;32m[AndroidUiautomator2Driver@a98d (56ecd9e1)][0m Valid locator strategies for this request: xpath, id, class name, accessibility id, css selector, -android uiautomator
[debug] [38;5;32m[AndroidUiautomator2Driver@a98d (56ecd9e1)][0m Waiting up to 0 ms for condition
[debug] [38;5;32m[AndroidUiautomator2Driver@a98d (56ecd9e1)][0m Matched '/element' to command name 'findElement'
[debug] [38;5;32m[AndroidUiautomator2Driver@a98d (56ecd9e1)][0m Proxying [POST /element] to [POST http://127.0.0.1:8200/session/cdfc1122-53f7-4095-acba-06840a149a81/element] with body: {"strategy":"xpath","selector":"/hierarchy/android.widget.FrameLayout/android.widget.LinearLayout/android.widget.FrameLayout/android.widget.LinearLayout/android.widget.FrameLayout/android.view.ViewGroup/android.widget.FrameLayout/android.view.ViewGroup/android.widget.RadioGroup/android.widget.RadioButton[4]","context":"","multiple":false}
[debug] [38;5;32m[AndroidUiautomator2Driver@a98d (56ecd9e1)][0m Got response with status 200: {"sessionId":"cdfc1122-53f7-4095-acba-06840a149a81","value":{"ELEMENT":"00000000-0000-019b-ffff-ffff00000040","element-6066-11e4-a52e-4f735466cecf":"00000000-0000-019b-ffff-ffff00000040"}}
[debug] [38;5;32m[AndroidUiautomator2Driver@a98d (56ecd9e1)][0m Responding to client with driver.findElement() result: {"element-6066-11e4-a52e-4f735466cecf":"00000000-0000-019b-ffff-ffff00000040","ELEMENT":"00000000-0000-019b-ffff-ffff00000040"}
[38;5;0m[HTTP][0m [37m<-- POST /session/56ecd9e1-4dda-4b74-9301-4051a2dee5b5/element [39m[32m200[39m [90m181 ms - 137[39m
[38;5;0m[HTTP][0m [90m[39m
[38;5;0m[HTTP][0m [37m-->[39m [37mPOST[39m [37m/session/56ecd9e1-4dda-4b74-9301-4051a2dee5b5/element/00000000-0000-019b-ffff-ffff00000040/click[39m
[38;5;0m[HTTP][0m [90m{}[39m
[debug] [38;5;32m[AndroidUiautomator2Driver@a98d (56ecd9e1)][0m Calling AppiumDriver.click() with args: ["00000000-0000-019b-ffff-ffff00000040","56ecd9e1-4dda-4b74-9301-4051a2dee5b5"]
[debug] [38;5;32m[AndroidUiautomator2Driver@a98d (56ecd9e1)][0m Matched '/element/00000000-0000-019b-ffff-ffff00000040/click' to command name 'click'
[debug] [38;5;32m[AndroidUiautomator2Driver@a98d (56ecd9e1)][0m Proxying [POST /element/00000000-0000-019b-ffff-ffff00000040/click] to [POST http://127.0.0.1:8200/session/cdfc1122-53f7-4095-acba-06840a149a81/element/00000000-0000-019b-ffff-ffff00000040/click] with body: {"element":"00000000-0000-019b-ffff-ffff00000040"}
[debug] [38;5;32m[AndroidUiautomator2Driver@a98d (56ecd9e1)][0m Got response with status 200: {"sessionId":"cdfc1122-53f7-4095-acba-06840a149a81","value":null}
[debug] [38;5;32m[AndroidUiautomator2Driver@a98d (56ecd9e1)][0m Responding to client with driver.click() result: null
[38;5;0m[HTTP][0m [37m<-- POST /session/56ecd9e1-4dda-4b74-9301-4051a2dee5b5/element/00000000-0000-019b-ffff-ffff00000040/click [39m[32m200[39m [90m569 ms - 14[39m
[38;5;0m[HTTP][0m [90m[39m
[38;5;0m[HTTP][0m [37m-->[39m [37mPOST[39m [37m/session/56ecd9e1-4dda-4b74-9301-4051a2dee5b5/element[39m
[38;5;0m[HTTP][0m [90m{"using":"xpath","value":"/hierarchy/android.widget.FrameLayout/android.widget.LinearLayout/android.widget.FrameLayout/android.widget.LinearLayout/android.widget.FrameLayout/android.view.ViewGroup/android.widget.FrameLayout/android.view.ViewGroup/android.widget.Button"}[39m
[debug] [38;5;32m[AndroidUiautomator2Driver@a98d (56ecd9e1)][0m Calling AppiumDriver.findElement() with args: ["xpath","/hierarchy/android.widget.FrameLayout/android.widget.LinearLayout/android.widget.FrameLayout/android.widget.LinearLayout/android.widget.FrameLayout/android.view.ViewGroup/android.widget.FrameLayout/android.view.ViewGroup/android.widget.Button","56ecd9e1-4dda-4b74-9301-4051a2dee5b5"]
[debug] [38;5;32m[AndroidUiautomator2Driver@a98d (56ecd9e1)][0m Valid locator strategies for this request: xpath, id, class name, accessibility id, css selector, -android uiautomator
[debug] [38;5;32m[AndroidUiautomator2Driver@a98d (56ecd9e1)][0m Waiting up to 0 ms for condition
[debug] [38;5;32m[AndroidUiautomator2Driver@a98d (56ecd9e1)][0m Matched '/element' to command name 'findElement'
[debug] [38;5;32m[AndroidUiautomator2Driver@a98d (56ecd9e1)][0m Proxying [POST /element] to [POST http://127.0.0.1:8200/session/cdfc1122-53f7-4095-acba-06840a149a81/element] with body: {"strategy":"xpath","selector":"/hierarchy/android.widget.FrameLayout/android.widget.LinearLayout/android.widget.FrameLayout/android.widget.LinearLayout/android.widget.FrameLayout/android.view.ViewGroup/android.widget.FrameLayout/android.view.ViewGroup/android.widget.Button","context":"","multiple":false}
[debug] [38;5;32m[AndroidUiautomator2Driver@a98d (56ecd9e1)][0m Got response with status 200: {"sessionId":"cdfc1122-53f7-4095-acba-06840a149a81","value":{"ELEMENT":"00000000-0000-019b-ffff-ffff00000044","element-6066-11e4-a52e-4f735466cecf":"00000000-0000-019b-ffff-ffff00000044"}}
[debug] [38;5;32m[AndroidUiautomator2Driver@a98d (56ecd9e1)][0m Responding to client with driver.findElement() result: {"element-6066-11e4-a52e-4f735466cecf":"00000000-0000-019b-ffff-ffff00000044","ELEMENT":"00000000-0000-019b-ffff-ffff00000044"}
[38;5;0m[HTTP][0m [37m<-- POST /session/56ecd9e1-4dda-4b74-9301-4051a2dee5b5/element [39m[32m200[39m [90m694 ms - 137[39m
[38;5;0m[HTTP][0m [90m[39m
[38;5;0m[HTTP][0m [37m-->[39m [37mPOST[39m [37m/session/56ecd9e1-4dda-4b74-9301-4051a2dee5b5/element/00000000-0000-019b-ffff-ffff00000044/click[39m
[38;5;0m[HTTP][0m [90m{}[39m
[debug] [38;5;32m[AndroidUiautomator2Driver@a98d (56ecd9e1)][0m Calling AppiumDriver.click() with args: ["00000000-0000-019b-ffff-ffff00000044","56ecd9e1-4dda-4b74-9301-4051a2dee5b5"]
[debug] [38;5;32m[AndroidUiautomator2Driver@a98d (56ecd9e1)][0m Matched '/element/00000000-0000-019b-ffff-ffff00000044/click' to command name 'click'
[debug] [38;5;32m[AndroidUiautomator2Driver@a98d (56ecd9e1)][0m Proxying [POST /element/00000000-0000-019b-ffff-ffff00000044/click] to [POST http://127.0.0.1:8200/session/cdfc1122-53f7-4095-acba-06840a149a81/element/00000000-0000-019b-ffff-ffff00000044/click] with body: {"element":"00000000-0000-019b-ffff-ffff00000044"}
[debug] [38;5;32m[AndroidUiautomator2Driver@a98d (56ecd9e1)][0m Got response with status 200: {"sessionId":"cdfc1122-53f7-4095-acba-06840a149a81","value":null}
[debug] [38;5;32m[AndroidUiautomator2Driver@a98d (56ecd9e1)][0m Responding to client with driver.click() result: null
[38;5;0m[HTTP][0m [37m<-- POST /session/56ecd9e1-4dda-4b74-9301-4051a2dee5b5/element/00000000-0000-019b-ffff-ffff00000044/click [39m[32m200[39m [90m43 ms - 14[39m
[38;5;0m[HTTP][0m [90m[39m
[38;5;0m[HTTP][0m [37m-->[39m [37mPOST[39m [37m/session/56ecd9e1-4dda-4b74-9301-4051a2dee5b5/element[39m
[38;5;0m[HTTP][0m [90m{"using":"xpath","value":"/hierarchy/android.widget.FrameLayout/android.widget.LinearLayout/android.widget.FrameLayout/android.widget.LinearLayout/android.widget.FrameLayout/android.view.ViewGroup/android.widget.FrameLayout[1]/android.view.ViewGroup/android.widget.TextView[2]"}[39m
[debug] [38;5;32m[AndroidUiautomator2Driver@a98d (56ecd9e1)][0m Calling AppiumDriver.findElement() with args: ["xpath","/hierarchy/android.widget.FrameLayout/android.widget.LinearLayout/android.widget.FrameLayout/android.widget.LinearLayout/android.widget.FrameLayout/android.view.ViewGroup/android.widget.FrameLayout[1]/android.view.ViewGroup/android.widget.TextView[2]","56ecd9e1-4dda-4b74-9301-4051a2dee5b5"]
[debug] [38;5;32m[AndroidUiautomator2Driver@a98d (56ecd9e1)][0m Valid locator strategies for this request: xpath, id, class name, accessibility id, css selector, -android uiautomator
[debug] [38;5;32m[AndroidUiautomator2Driver@a98d (56ecd9e1)][0m Waiting up to 0 ms for condition
[debug] [38;5;32m[AndroidUiautomator2Driver@a98d (56ecd9e1)][0m Matched '/element' to command name 'findElement'
[debug] [38;5;32m[AndroidUiautomator2Driver@a98d (56ecd9e1)][0m Proxying [POST /element] to [POST http://127.0.0.1:8200/session/cdfc1122-53f7-4095-acba-06840a149a81/element] with body: {"strategy":"xpath","selector":"/hierarchy/android.widget.FrameLayout/android.widget.LinearLayout/android.widget.FrameLayout/android.widget.LinearLayout/android.widget.FrameLayout/android.view.ViewGroup/android.widget.FrameLayout[1]/android.view.ViewGroup/android.widget.TextView[2]","context":"","multiple":false}
[debug] [38;5;32m[AndroidUiautomator2Driver@a98d (56ecd9e1)][0m Got response with status 200: {"sessionId":"cdfc1122-53f7-4095-acba-06840a149a81","value":{"ELEMENT":"00000000-0000-019b-ffff-ffff0000003b","element-6066-11e4-a52e-4f735466cecf":"00000000-0000-019b-ffff-ffff0000003b"}}
[debug] [38;5;32m[AndroidUiautomator2Driver@a98d (56ecd9e1)][0m Responding to client with driver.findElement() result: {"element-6066-11e4-a52e-4f735466cecf":"00000000-0000-019b-ffff-ffff0000003b","ELEMENT":"00000000-0000-019b-ffff-ffff0000003b"}
[38;5;0m[HTTP][0m [37m<-- POST /session/56ecd9e1-4dda-4b74-9301-4051a2dee5b5/element [39m[32m200[39m [90m388 ms - 137[39m
[38;5;0m[HTTP][0m [90m[39m
[38;5;0m[HTTP][0m [37m-->[39m [37mGET[39m [37m/session/56ecd9e1-4dda-4b74-9301-4051a2dee5b5/element/00000000-0000-019b-ffff-ffff0000003b/text[39m
[38;5;0m[HTTP][0m [90m{}[39m
[38;5;32m[AndroidUiautomator2Driver@a98d (56ecd9e1)][0m Driver proxy active, passing request on via HTTP proxy
[debug] [38;5;32m[AndroidUiautomator2Driver@a98d (56ecd9e1)][0m Matched '/session/56ecd9e1-4dda-4b74-9301-4051a2dee5b5/element/00000000-0000-019b-ffff-ffff0000003b/text' to command name 'getText'
[debug] [38;5;32m[AndroidUiautomator2Driver@a98d (56ecd9e1)][0m Proxying [GET /session/56ecd9e1-4dda-4b74-9301-4051a2dee5b5/element/00000000-0000-019b-ffff-ffff0000003b/text] to [GET http://127.0.0.1:8200/session/cdfc1122-53f7-4095-acba-06840a149a81/element/00000000-0000-019b-ffff-ffff0000003b/text] with no body
[38;5;32m[AndroidUiautomator2Driver@a98d (56ecd9e1)][0m Got response with status 404: {"sessionId":"cdfc1122-53f7-4095-acba-06840a149a81","value":{"error":"stale element reference","message":"The element 'By.xpath: /hierarchy/android.widget.FrameLayout/android.widget.LinearLayout/android.widget.FrameLayout/android.widget.LinearLayout/android.widget.FrameLayout/android.view.ViewGroup/android.widget.FrameLayout[1]/android.view.ViewGroup/android.widget.TextView[2]' does not exist in DOM anymore","stacktrace":"io.appium.uiautomator2.common.exceptions.StaleElementReferenceException: The element 'By.xpath: /hierarchy/android.widget.FrameLayout/android.widget.LinearLayout/android.widget.FrameLayout/android.widget.LinearLayout/android.widget.FrameLayout/android.view.ViewGroup/android.widget.FrameLayout[1]/android.view.ViewGroup/android.widget.TextView[2]' does not exist in DOM anymore\n\tat io.appium.uiautomator2.model.ElementsCache.restore(ElementsCache.java:117)\n\tat io.appium.uiautomator2.model.ElementsCache.get(ElementsCache.java:153)\n\tat io.appium.uiautomator2.handler.GetText.safeHandle(Get...
[debug] [38;5;128m[W3C][0m Matched W3C error code 'stale element reference' to StaleElementReferenceError
[38;5;0m[HTTP][0m [37m<-- GET /session/56ecd9e1-4dda-4b74-9301-4051a2dee5b5/element/00000000-0000-019b-ffff-ffff0000003b/text [39m[33m404[39m [90m593 ms - 4395[39m
[38;5;0m[HTTP][0m [90m[39m
[38;5;0m[HTTP][0m [37m-->[39m [37mPOST[39m [37m/session/56ecd9e1-4dda-4b74-9301-4051a2dee5b5/element[39m
[38;5;0m[HTTP][0m [90m{"using":"xpath","value":"/hierarchy/android.widget.FrameLayout/android.widget.LinearLayout/android.widget.FrameLayout/android.widget.LinearLayout/android.widget.FrameLayout/android.view.ViewGroup/android.widget.FrameLayout[1]/android.view.ViewGroup/android.widget.TextView[2]"}[39m
[debug] [38;5;32m[AndroidUiautomator2Driver@a98d (56ecd9e1)][0m Calling AppiumDriver.findElement() with args: ["xpath","/hierarchy/android.widget.FrameLayout/android.widget.LinearLayout/android.widget.FrameLayout/android.widget.LinearLayout/android.widget.FrameLayout/android.view.ViewGroup/android.widget.FrameLayout[1]/android.view.ViewGroup/android.widget.TextView[2]","56ecd9e1-4dda-4b74-9301-4051a2dee5b5"]
[debug] [38;5;32m[AndroidUiautomator2Driver@a98d (56ecd9e1)][0m Valid locator strategies for this request: xpath, id, class name, accessibility id, css selector, -android uiautomator
[debug] [38;5;32m[AndroidUiautomator2Driver@a98d (56ecd9e1)][0m Waiting up to 0 ms for condition
[debug] [38;5;32m[AndroidUiautomator2Driver@a98d (56ecd9e1)][0m Matched '/element' to command name 'findElement'
[debug] [38;5;32m[AndroidUiautomator2Driver@a98d (56ecd9e1)][0m Proxying [POST /element] to [POST http://127.0.0.1:8200/session/cdfc1122-53f7-4095-acba-06840a149a81/element] with body: {"strategy":"xpath","selector":"/hierarchy/android.widget.FrameLayout/android.widget.LinearLayout/android.widget.FrameLayout/android.widget.LinearLayout/android.widget.FrameLayout/android.view.ViewGroup/android.widget.FrameLayout[1]/android.view.ViewGroup/android.widget.TextView[2]","context":"","multiple":false}
[debug] [38;5;32m[AndroidUiautomator2Driver@a98d (56ecd9e1)][0m Got response with status 200: {"sessionId":"cdfc1122-53f7-4095-acba-06840a149a81","value":{"ELEMENT":"00000000-0000-019c-ffff-ffff00000061","element-6066-11e4-a52e-4f735466cecf":"00000000-0000-019c-ffff-ffff00000061"}}
[debug] [38;5;32m[AndroidUiautomator2Driver@a98d (56ecd9e1)][0m Responding to client with driver.findElement() result: {"element-6066-11e4-a52e-4f735466cecf":"00000000-0000-019c-ffff-ffff00000061","ELEMENT":"00000000-0000-019c-ffff-ffff00000061"}
[38;5;0m[HTTP][0m [37m<-- POST /session/56ecd9e1-4dda-4b74-9301-4051a2dee5b5/element [39m[32m200[39m [90m363 ms - 137[39m
[38;5;0m[HTTP][0m [90m[39m
[38;5;0m[HTTP][0m [37m-->[39m [37mGET[39m [37m/session/56ecd9e1-4dda-4b74-9301-4051a2dee5b5/element/00000000-0000-019b-ffff-ffff0000003b/text[39m
[38;5;0m[HTTP][0m [90m{}[39m
[38;5;32m[AndroidUiautomator2Driver@a98d (56ecd9e1)][0m Driver proxy active, passing request on via HTTP proxy
[debug] [38;5;32m[AndroidUiautomator2Driver@a98d (56ecd9e1)][0m Matched '/session/56ecd9e1-4dda-4b74-9301-4051a2dee5b5/element/00000000-0000-019b-ffff-ffff0000003b/text' to command name 'getText'
[debug] [38;5;32m[AndroidUiautomator2Driver@a98d (56ecd9e1)][0m Proxying [GET /session/56ecd9e1-4dda-4b74-9301-4051a2dee5b5/element/00000000-0000-019b-ffff-ffff0000003b/text] to [GET http://127.0.0.1:8200/session/cdfc1122-53f7-4095-acba-06840a149a81/element/00000000-0000-019b-ffff-ffff0000003b/text] with no body
[38;5;32m[AndroidUiautomator2Driver@a98d (56ecd9e1)][0m Got response with status 404: {"sessionId":"cdfc1122-53f7-4095-acba-06840a149a81","value":{"error":"stale element reference","message":"The element 'By.xpath: /hierarchy/android.widget.FrameLayout/android.widget.LinearLayout/android.widget.FrameLayout/android.widget.LinearLayout/android.widget.FrameLayout/android.view.ViewGroup/android.widget.FrameLayout[1]/android.view.ViewGroup/android.widget.TextView[2]' is not linked to the same object in DOM anymore","stacktrace":"io.appium.uiautomator2.common.exceptions.StaleElementReferenceException: The element 'By.xpath: /hierarchy/android.widget.FrameLayout/android.widget.LinearLayout/android.widget.FrameLayout/android.widget.LinearLayout/android.widget.FrameLayout/android.view.ViewGroup/android.widget.FrameLayout[1]/android.view.ViewGroup/android.widget.TextView[2]' is not linked to the same object in DOM anymore\n\tat io.appium.uiautomator2.model.ElementsCache.restore(ElementsCache.java:122)\n\tat io.appium.uiautomator2.model.ElementsCache.get(ElementsCache.java:153)\n\tat io.appium.uiautom...
[debug] [38;5;128m[W3C][0m Matched W3C error code 'stale element reference' to StaleElementReferenceError
[38;5;0m[HTTP][0m [37m<-- GET /session/56ecd9e1-4dda-4b74-9301-4051a2dee5b5/element/00000000-0000-019b-ffff-ffff0000003b/text [39m[33m404[39m [90m89 ms - 4431[39m
[38;5;0m[HTTP][0m [90m[39m
[38;5;0m[HTTP][0m [37m-->[39m [37mPOST[39m [37m/session/56ecd9e1-4dda-4b74-9301-4051a2dee5b5/element[39m
[38;5;0m[HTTP][0m [90m{"using":"xpath","value":"/hierarchy/android.widget.FrameLayout/android.widget.LinearLayout/android.widget.FrameLayout/android.widget.LinearLayout/android.widget.FrameLayout/android.view.ViewGroup/android.widget.FrameLayout[1]/android.view.ViewGroup/android.widget.TextView[2]"}[39m
[debug] [38;5;32m[AndroidUiautomator2Driver@a98d (56ecd9e1)][0m Calling AppiumDriver.findElement() with args: ["xpath","/hierarchy/android.widget.FrameLayout/android.widget.LinearLayout/android.widget.FrameLayout/android.widget.LinearLayout/android.widget.FrameLayout/android.view.ViewGroup/android.widget.FrameLayout[1]/android.view.ViewGroup/android.widget.TextView[2]","56ecd9e1-4dda-4b74-9301-4051a2dee5b5"]
[debug] [38;5;32m[AndroidUiautomator2Driver@a98d (56ecd9e1)][0m Valid locator strategies for this request: xpath, id, class name, accessibility id, css selector, -android uiautomator
[debug] [38;5;32m[AndroidUiautomator2Driver@a98d (56ecd9e1)][0m Waiting up to 0 ms for condition
[debug] [38;5;32m[AndroidUiautomator2Driver@a98d (56ecd9e1)][0m Matched '/element' to command name 'findElement'
[debug] [38;5;32m[AndroidUiautomator2Driver@a98d (56ecd9e1)][0m Proxying [POST /element] to [POST http://127.0.0.1:8200/session/cdfc1122-53f7-4095-acba-06840a149a81/element] with body: {"strategy":"xpath","selector":"/hierarchy/android.widget.FrameLayout/android.widget.LinearLayout/android.widget.FrameLayout/android.widget.LinearLayout/android.widget.FrameLayout/android.view.ViewGroup/android.widget.FrameLayout[1]/android.view.ViewGroup/android.widget.TextView[2]","context":"","multiple":false}
[debug] [38;5;32m[AndroidUiautomator2Driver@a98d (56ecd9e1)][0m Got response with status 200: {"sessionId":"cdfc1122-53f7-4095-acba-06840a149a81","value":{"ELEMENT":"00000000-0000-019c-ffff-ffff00000061","element-6066-11e4-a52e-4f735466cecf":"00000000-0000-019c-ffff-ffff00000061"}}
[debug] [38;5;32m[AndroidUiautomator2Driver@a98d (56ecd9e1)][0m Responding to client with driver.findElement() result: {"element-6066-11e4-a52e-4f735466cecf":"00000000-0000-019c-ffff-ffff00000061","ELEMENT":"00000000-0000-019c-ffff-ffff00000061"}
[38;5;0m[HTTP][0m [37m<-- POST /session/56ecd9e1-4dda-4b74-9301-4051a2dee5b5/element [39m[32m200[39m [90m480 ms - 137[39m
[38;5;0m[HTTP][0m [90m[39m
[38;5;0m[HTTP][0m [37m-->[39m [37mGET[39m [37m/session/56ecd9e1-4dda-4b74-9301-4051a2dee5b5/element/00000000-0000-019c-ffff-ffff00000061/text[39m
[38;5;0m[HTTP][0m [90m{}[39m
[38;5;32m[AndroidUiautomator2Driver@a98d (56ecd9e1)][0m Driver proxy active, passing request on via HTTP proxy
[debug] [38;5;32m[AndroidUiautomator2Driver@a98d (56ecd9e1)][0m Matched '/session/56ecd9e1-4dda-4b74-9301-4051a2dee5b5/element/00000000-0000-019c-ffff-ffff00000061/text' to command name 'getText'
[debug] [38;5;32m[AndroidUiautomator2Driver@a98d (56ecd9e1)][0m Proxying [GET /session/56ecd9e1-4dda-4b74-9301-4051a2dee5b5/element/00000000-0000-019c-ffff-ffff00000061/text] to [GET http://127.0.0.1:8200/session/cdfc1122-53f7-4095-acba-06840a149a81/element/00000000-0000-019c-ffff-ffff00000061/text] with no body
[debug] [38;5;32m[AndroidUiautomator2Driver@a98d (56ecd9e1)][0m Got response with status 200: {"sessionId":"cdfc1122-53f7-4095-acba-06840a149a81","value":"Ready to some calories today?"}
[38;5;32m[AndroidUiautomator2Driver@a98d (56ecd9e1)][0m Replacing sessionId cdfc1122-53f7-4095-acba-06840a149a81 with 56ecd9e1-4dda-4b74-9301-4051a2dee5b5
[38;5;0m[HTTP][0m [37m<-- GET /session/56ecd9e1-4dda-4b74-9301-4051a2dee5b5/element/00000000-0000-019c-ffff-ffff00000061/text [39m[32m200[39m [90m370 ms - 92[39m
[38;5;0m[HTTP][0m [90m[39m
[38;5;0m[HTTP][0m [37m-->[39m [37mPOST[39m [37m/session/56ecd9e1-4dda-4b74-9301-4051a2dee5b5/element[39m
[38;5;0m[HTTP][0m [90m{"using":"xpath","value":"/hierarchy/android.widget.FrameLayout/android.widget.LinearLayout/android.widget.FrameLayout/android.widget.LinearLayout/android.widget.FrameLayout/android.view.ViewGroup/android.widget.FrameLayout[1]/android.view.ViewGroup/androidx.recyclerview.widget.RecyclerView/android.widget.FrameLayout[4]/android.view.ViewGroup/android.widget.TextView[1]"}[39m
[debug] [38;5;32m[AndroidUiautomator2Driver@a98d (56ecd9e1)][0m Calling AppiumDriver.findElement() with args: ["xpath","/hierarchy/android.widget.FrameLayout/android.widget.LinearLayout/android.widget.FrameLayout/android.widget.LinearLayout/android.widget.FrameLayout/android.view.ViewGroup/android.widget.FrameLayout[1]/android.view.ViewGroup/androidx.recyclerview.widget.RecyclerView/android.widget.FrameLayout[4]/android.view.ViewGroup/android.widget.TextView[1]","56ecd9e1-4dda-4b74-9301-4051a2dee5b5"]
[debug] [38;5;32m[AndroidUiautomator2Driver@a98d (56ecd9e1)][0m Valid locator strategies for this request: xpath, id, class name, accessibility id, css selector, -android uiautomator
[debug] [38;5;32m[AndroidUiautomator2Driver@a98d (56ecd9e1)][0m Waiting up to 0 ms for condition
[debug] [38;5;32m[AndroidUiautomator2Driver@a98d (56ecd9e1)][0m Matched '/element' to command name 'findElement'
[debug] [38;5;32m[AndroidUiautomator2Driver@a98d (56ecd9e1)][0m Proxying [POST /element] to [POST http://127.0.0.1:8200/session/cdfc1122-53f7-4095-acba-06840a149a81/element] with body: {"strategy":"xpath","selector":"/hierarchy/android.widget.FrameLayout/android.widget.LinearLayout/android.widget.FrameLayout/android.widget.LinearLayout/android.widget.FrameLayout/android.view.ViewGroup/android.widget.FrameLayout[1]/android.view.ViewGroup/androidx.recyclerview.widget.RecyclerView/android.widget.FrameLayout[4]/android.view.ViewGroup/android.widget.TextView[1]","context":"","multiple":false}
[38;5;0m[HTTP][0m [37m-->[39m [37mPOST[39m [37m/session/56ecd9e1-4dda-4b74-9301-4051a2dee5b5/touch/perform[39m
[38;5;0m[HTTP][0m [90m{"actions":[{"action":"press","options":{"x":500,"y":1400}},{"action":"moveTo","options":{"x":500,"y":300}},{"action":"release"}]}[39m
[debug] [38;5;32m[AndroidUiautomator2Driver@a98d (56ecd9e1)][0m Calling AppiumDriver.performTouch() with args: [[{"action":"press","options":{"x":500,"y":1400}},{"action":"moveTo","options":{"x":500,"y":300}},{"action":"release"}],"56ecd9e1-4dda-4b74-9301-4051a2dee5b5"]
[debug] [38;5;32m[AndroidUiautomator2Driver@a98d (56ecd9e1)][0m Got response with status 200: {"sessionId":"cdfc1122-53f7-4095-acba-06840a149a81","value":{"ELEMENT":"00000000-0000-019c-ffff-ffff000000bf","element-6066-11e4-a52e-4f735466cecf":"00000000-0000-019c-ffff-ffff000000bf"}}
[debug] [38;5;32m[AndroidUiautomator2Driver@a98d (56ecd9e1)][0m Matched '/touch/down' to command name 'touchDown'
[debug] [38;5;32m[AndroidUiautomator2Driver@a98d (56ecd9e1)][0m Proxying [POST /touch/down] to [POST http://127.0.0.1:8200/session/cdfc1122-53f7-4095-acba-06840a149a81/touch/down] with body: {"params":{"element":null,"x":500,"y":1400}}
[debug] [38;5;32m[AndroidUiautomator2Driver@a98d (56ecd9e1)][0m Responding to client with driver.findElement() result: {"element-6066-11e4-a52e-4f735466cecf":"00000000-0000-019c-ffff-ffff000000bf","ELEMENT":"00000000-0000-019c-ffff-ffff000000bf"}
[38;5;0m[HTTP][0m [37m<-- POST /session/56ecd9e1-4dda-4b74-9301-4051a2dee5b5/element [39m[32m200[39m [90m524 ms - 137[39m
[38;5;0m[HTTP][0m [90m[39m
[38;5;0m[HTTP][0m [37m-->[39m [37mPOST[39m [37m/session/56ecd9e1-4dda-4b74-9301-4051a2dee5b5/element/00000000-0000-019c-ffff-ffff000000bf/click[39m
[38;5;0m[HTTP][0m [90m{}[39m
[debug] [38;5;32m[AndroidUiautomator2Driver@a98d (56ecd9e1)][0m Calling AppiumDriver.click() with args: ["00000000-0000-019c-ffff-ffff000000bf","56ecd9e1-4dda-4b74-9301-4051a2dee5b5"]
[debug] [38;5;32m[AndroidUiautomator2Driver@a98d (56ecd9e1)][0m Got response with status 200: {"sessionId":"cdfc1122-53f7-4095-acba-06840a149a81","value":null}
[debug] [38;5;32m[AndroidUiautomator2Driver@a98d (56ecd9e1)][0m Matched '/touch/move' to command name 'touchMove'
[debug] [38;5;32m[AndroidUiautomator2Driver@a98d (56ecd9e1)][0m Proxying [POST /touch/move] to [POST http://127.0.0.1:8200/session/cdfc1122-53f7-4095-acba-06840a149a81/touch/move] with body: {"params":{"element":null,"x":500,"y":300}}
[debug] [38;5;32m[AndroidUiautomator2Driver@a98d (56ecd9e1)][0m Got response with status 200: {"sessionId":"cdfc1122-53f7-4095-acba-06840a149a81","value":null}
[debug] [38;5;32m[AndroidUiautomator2Driver@a98d (56ecd9e1)][0m Matched '/touch/up' to command name 'touchUp'
[debug] [38;5;32m[AndroidUiautomator2Driver@a98d (56ecd9e1)][0m Proxying [POST /touch/up] to [POST http://127.0.0.1:8200/session/cdfc1122-53f7-4095-acba-06840a149a81/touch/up] with body: {"params":{"x":500,"y":300}}
[debug] [38;5;32m[AndroidUiautomator2Driver@a98d (56ecd9e1)][0m Got response with status 200: {"sessionId":"cdfc1122-53f7-4095-acba-06840a149a81","value":null}
[debug] [38;5;32m[AndroidUiautomator2Driver@a98d (56ecd9e1)][0m Matched '/element/00000000-0000-019c-ffff-ffff000000bf/click' to command name 'click'
[debug] [38;5;32m[AndroidUiautomator2Driver@a98d (56ecd9e1)][0m Proxying [POST /element/00000000-0000-019c-ffff-ffff000000bf/click] to [POST http://127.0.0.1:8200/session/cdfc1122-53f7-4095-acba-06840a149a81/element/00000000-0000-019c-ffff-ffff000000bf/click] with body: {"element":"00000000-0000-019c-ffff-ffff000000bf"}
[debug] [38;5;32m[AndroidUiautomator2Driver@a98d (56ecd9e1)][0m Responding to client with driver.performTouch() result: null
[38;5;0m[HTTP][0m [37m<-- POST /session/56ecd9e1-4dda-4b74-9301-4051a2dee5b5/touch/perform [39m[32m200[39m [90m3008 ms - 14[39m
[38;5;0m[HTTP][0m [90m[39m
[debug] [38;5;32m[AndroidUiautomator2Driver@a98d (56ecd9e1)][0m Got response with status 200: {"sessionId":"cdfc1122-53f7-4095-acba-06840a149a81","value":null}
[debug] [38;5;32m[AndroidUiautomator2Driver@a98d (56ecd9e1)][0m Responding to client with driver.click() result: null
[38;5;0m[HTTP][0m [37m<-- POST /session/56ecd9e1-4dda-4b74-9301-4051a2dee5b5/element/00000000-0000-019c-ffff-ffff000000bf/click [39m[32m200[39m [90m2543 ms - 14[39m
[38;5;0m[HTTP][0m [90m[39m
[38;5;0m[HTTP][0m [37m-->[39m [37mDELETE[39m [37m/session/56ecd9e1-4dda-4b74-9301-4051a2dee5b5[39m
[38;5;0m[HTTP][0m [90m{}[39m
[debug] [38;5;32m[AndroidUiautomator2Driver@a98d (56ecd9e1)][0m Calling AppiumDriver.deleteSession() with args: ["56ecd9e1-4dda-4b74-9301-4051a2dee5b5"]
[debug] [38;5;16m[AppiumDriver@c41a][0m Event 'quitSessionRequested' logged at 1677200529445 (08:02:09 GMT+0700 (Western Indonesia Time))
[38;5;16m[AppiumDriver@c41a][0m Removing session 56ecd9e1-4dda-4b74-9301-4051a2dee5b5 from our master session list
[debug] [38;5;32m[AndroidUiautomator2Driver@a98d (56ecd9e1)][0m Deleting UiAutomator2 session
[debug] [38;5;32m[AndroidUiautomator2Driver@a98d (56ecd9e1)][0m Deleting UiAutomator2 server session
[debug] [38;5;32m[AndroidUiautomator2Driver@a98d (56ecd9e1)][0m Matched '/' to command name 'deleteSession'
[debug] [38;5;32m[AndroidUiautomator2Driver@a98d (56ecd9e1)][0m Proxying [DELETE /] to [DELETE http://127.0.0.1:8200/session/cdfc1122-53f7-4095-acba-06840a149a81] with no body
[debug] [38;5;32m[AndroidUiautomator2Driver@a98d (56ecd9e1)][0m Got response with status 200: {"sessionId":"cdfc1122-53f7-4095-acba-06840a149a81","value":null}
[debug] [38;5;64m[ADB][0m Running 'C:\Users\acer\AppData\Local\Android\Sdk\platform-tools\adb.exe -P 5037 -s 5PFQ95GI9T9LG6Z5 shell dumpsys activity services io.appium.settings/.recorder.RecorderService'
[debug] [38;5;96m[Logcat][0m Stopping logcat capture
[debug] [38;5;64m[ADB][0m Removing forwarded port socket connection: 8200 
[debug] [38;5;64m[ADB][0m Running 'C:\Users\acer\AppData\Local\Android\Sdk\platform-tools\adb.exe -P 5037 -s 5PFQ95GI9T9LG6Z5 forward --remove tcp:8200'
[38;5;32m[AndroidUiautomator2Driver@a98d (56ecd9e1)][0m Restoring hidden api policy to the device default configuration
[debug] [38;5;64m[ADB][0m Running 'C:\Users\acer\AppData\Local\Android\Sdk\platform-tools\adb.exe -P 5037 -s 5PFQ95GI9T9LG6Z5 shell 'settings delete global hidden_api_policy_pre_p_apps;settings delete global hidden_api_policy_p_apps;settings delete global hidden_api_policy''
[debug] [38;5;16m[AppiumDriver@c41a][0m Event 'quitSessionFinished' logged at 1677200529771 (08:02:09 GMT+0700 (Western Indonesia Time))
[debug] [38;5;16m[AppiumDriver@c41a][0m Received response: null
[debug] [38;5;16m[AppiumDriver@c41a][0m But deleting session, so not returning
[debug] [38;5;16m[AppiumDriver@c41a][0m Responding to client with driver.deleteSession() result: null
[38;5;0m[HTTP][0m [37m<-- DELETE /session/56ecd9e1-4dda-4b74-9301-4051a2dee5b5 [39m[32m200[39m [90m327 ms - 14[39m
[38;5;0m[HTTP][0m [90m[39m
